#
# There is insufficient memory for the Java Runtime Environment to continue.
# Native memory allocation (mmap) failed to map 419430400 bytes for G1 virtual space
# Possible reasons:
#   The system is out of physical RAM or swap space
#   The process is running with CompressedOops enabled, and the Java Heap may be blocking the growth of the native heap
# Possible solutions:
#   Reduce memory load on the system
#   Increase physical memory or swap space
#   Check if swap backing store is full
#   Decrease Java heap size (-Xmx/-Xms)
#   Decrease number of Java threads
#   Decrease Java thread stack sizes (-Xss)
#   Set larger code cache with -XX:ReservedCodeCacheSize=
#   JVM is running with Unscaled Compressed Oops mode in which the Java heap is
#     placed in the first 4GB address space. The Java Heap base address is the
#     maximum limit for the native heap growth. Please use -XX:HeapBaseMinAddress
#     to set the Java Heap base and to place the Java Heap above 4GB virtual address.
# This output file may be truncated or incomplete.
#
#  Out of Memory Error (os_windows.cpp:3769), pid=7272, tid=8044
#
# JRE version: OpenJDK Runtime Environment (17.0.6) (build 17.0.6+0-b2043.56-9586694)
# Java VM: OpenJDK 64-Bit Server VM (17.0.6+0-b2043.56-9586694, mixed mode, tiered, compressed oops, compressed class ptrs, g1 gc, windows-amd64)
# No core dump will be written. Minidumps are not enabled by default on client versions of Windows
#

---------------  S U M M A R Y ------------

Command Line: --add-opens=java.base/java.util=ALL-UNNAMED --add-opens=java.base/java.lang=ALL-UNNAMED --add-opens=java.base/java.lang.invoke=ALL-UNNAMED --add-opens=java.prefs/java.util.prefs=ALL-UNNAMED --add-opens=java.base/java.nio.charset=ALL-UNNAMED --add-opens=java.base/java.net=ALL-UNNAMED --add-opens=java.base/java.util.concurrent.atomic=ALL-UNNAMED -Xmx2048m -Dfile.encoding=UTF-8 -Duser.country=PH -Duser.language=en -Duser.variant org.gradle.launcher.daemon.bootstrap.GradleDaemon 8.0

Host: Intel(R) Core(TM) i3-10110U CPU @ 2.10GHz, 4 cores, 7G,  Windows 11 , 64 bit Build 22621 (10.0.22621.2506)
Time: Sat Feb 24 11:29:37 2024 China Standard Time elapsed time: 42.242985 seconds (0d 0h 0m 42s)

---------------  T H R E A D  ---------------

Current thread (0x00000205a6b13d70):  VMThread "VM Thread" [stack: 0x0000005ddd200000,0x0000005ddd300000] [id=8044]

Stack: [0x0000005ddd200000,0x0000005ddd300000]
Native frames: (J=compiled Java code, j=interpreted, Vv=VM code, C=native code)
V  [jvm.dll+0x683b4a]
V  [jvm.dll+0x842654]
V  [jvm.dll+0x843dfe]
V  [jvm.dll+0x844463]
V  [jvm.dll+0x249b75]
V  [jvm.dll+0x680a19]
V  [jvm.dll+0x674f0a]
V  [jvm.dll+0x309acb]
V  [jvm.dll+0x310f86]
V  [jvm.dll+0x3608ee]
V  [jvm.dll+0x360b1f]
V  [jvm.dll+0x2dfbf8]
V  [jvm.dll+0x2ddec4]
V  [jvm.dll+0x2dd4cc]
V  [jvm.dll+0x321f3b]
V  [jvm.dll+0x84893b]
V  [jvm.dll+0x849674]
V  [jvm.dll+0x849b8d]
V  [jvm.dll+0x849f64]
V  [jvm.dll+0x84a030]
V  [jvm.dll+0x7f25fa]
V  [jvm.dll+0x682985]
C  [ucrtbase.dll+0x29363]
C  [KERNEL32.DLL+0x1257d]
C  [ntdll.dll+0x5aa58]

VM_Operation (0x0000005de22f9320): G1CollectForAllocation, mode: safepoint, requested by thread 0x00000205adae11a0


---------------  P R O C E S S  ---------------

Threads class SMR info:
_java_thread_list=0x00000205ac2fb840, length=90, elements={
0x000002058b5f8e90, 0x00000205a6b16210, 0x00000205a6b17080, 0x00000205a6b38f30,
0x00000205a6b3aaf0, 0x00000205a6b3b6a0, 0x00000205a751c500, 0x00000205a751d1e0,
0x00000205a7583b30, 0x00000205a7585fb0, 0x00000205a76af340, 0x00000205a76af810,
0x00000205a8535a00, 0x00000205a85363a0, 0x00000205a8536870, 0x00000205a8537210,
0x00000205a8536d40, 0x00000205a8535ed0, 0x00000205a9cda7d0, 0x00000205a9cd6940,
0x00000205a9cdbfe0, 0x00000205a9cd5130, 0x00000205a9cdc4b0, 0x00000205a9cd4c60,
0x00000205a9cd9490, 0x00000205a9cd5600, 0x00000205a9cdaca0, 0x00000205a9cda300,
0x00000205a9cd5ad0, 0x00000205a9cd8af0, 0x00000205a9cd6470, 0x00000205a9cd7c80,
0x00000205a9cdb170, 0x00000205a9cd6e10, 0x00000205a9cd72e0, 0x00000205a9cd8620,
0x00000205a9cd8fc0, 0x00000205a9cd9960, 0x00000205acbbe1f0, 0x00000205acbbbb70,
0x00000205acbbc040, 0x00000205acbb94f0, 0x00000205acbb6e70, 0x00000205acbbc9e0,
0x00000205acbbd380, 0x00000205acbb9e90, 0x00000205acbba830, 0x00000205acbbdd20,
0x00000205acbba360, 0x00000205acbbad00, 0x00000205acbb9020, 0x00000205acbbceb0,
0x00000205acbbd850, 0x00000205acbbb1d0, 0x00000205acbbb6a0, 0x00000205acbb7340,
0x00000205acbb7810, 0x00000205acbbe6c0, 0x00000205acbb81b0, 0x00000205acbb7ce0,
0x00000205acbb8680, 0x00000205adae2e80, 0x00000205adae5030, 0x00000205adadf990,
0x00000205adae0330, 0x00000205adae4690, 0x00000205adae3cf0, 0x00000205adae29b0,
0x00000205adae4b60, 0x00000205adae3350, 0x00000205adae59d0, 0x00000205adadfe60,
0x00000205adae5ea0, 0x00000205adae5500, 0x00000205adae11a0, 0x00000205adae0800,
0x00000205adae6370, 0x00000205adae1670, 0x00000205adadeb20, 0x00000205adae1b40,
0x00000205adae24e0, 0x00000205ad7b4810, 0x00000205ad7b9510, 0x00000205ad7b9040,
0x00000205ad7b3e70, 0x00000205ad7b3000, 0x00000205a8a753a0, 0x00000205a8a75870,
0x00000205b01fded0, 0x00000205b01fe3a0
}

Java Threads: ( => current thread )
  0x000002058b5f8e90 JavaThread "main" [_thread_blocked, id=13424, stack(0x0000005ddcc00000,0x0000005ddcd00000)]
  0x00000205a6b16210 JavaThread "Reference Handler" daemon [_thread_blocked, id=3116, stack(0x0000005ddd300000,0x0000005ddd400000)]
  0x00000205a6b17080 JavaThread "Finalizer" daemon [_thread_blocked, id=19612, stack(0x0000005ddd400000,0x0000005ddd500000)]
  0x00000205a6b38f30 JavaThread "Signal Dispatcher" daemon [_thread_blocked, id=19556, stack(0x0000005ddd500000,0x0000005ddd600000)]
  0x00000205a6b3aaf0 JavaThread "Attach Listener" daemon [_thread_blocked, id=7960, stack(0x0000005ddd600000,0x0000005ddd700000)]
  0x00000205a6b3b6a0 JavaThread "Service Thread" daemon [_thread_blocked, id=20168, stack(0x0000005ddd700000,0x0000005ddd800000)]
  0x00000205a751c500 JavaThread "Monitor Deflation Thread" daemon [_thread_blocked, id=2492, stack(0x0000005ddd800000,0x0000005ddd900000)]
  0x00000205a751d1e0 JavaThread "C2 CompilerThread0" daemon [_thread_blocked, id=1332, stack(0x0000005ddd900000,0x0000005ddda00000)]
  0x00000205a7583b30 JavaThread "C1 CompilerThread0" daemon [_thread_blocked, id=12904, stack(0x0000005ddda00000,0x0000005dddb00000)]
  0x00000205a7585fb0 JavaThread "Sweeper thread" daemon [_thread_blocked, id=22308, stack(0x0000005dddb00000,0x0000005dddc00000)]
  0x00000205a76af340 JavaThread "Common-Cleaner" daemon [_thread_blocked, id=18376, stack(0x0000005dddc00000,0x0000005dddd00000)]
  0x00000205a76af810 JavaThread "Notification Thread" daemon [_thread_blocked, id=1268, stack(0x0000005dddd00000,0x0000005ddde00000)]
  0x00000205a8535a00 JavaThread "Daemon health stats" [_thread_blocked, id=17668, stack(0x0000005dde300000,0x0000005dde400000)]
  0x00000205a85363a0 JavaThread "Incoming local TCP Connector on port 47592" [_thread_in_native, id=2812, stack(0x0000005dddf00000,0x0000005dde000000)]
  0x00000205a8536870 JavaThread "Daemon periodic checks" [_thread_blocked, id=2096, stack(0x0000005dde400000,0x0000005dde500000)]
  0x00000205a8537210 JavaThread "Daemon" [_thread_blocked, id=1036, stack(0x0000005dde500000,0x0000005dde600000)]
  0x00000205a8536d40 JavaThread "Handler for socket connection from /127.0.0.1:47592 to /127.0.0.1:47593" [_thread_in_native, id=11408, stack(0x0000005dde600000,0x0000005dde700000)]
  0x00000205a8535ed0 JavaThread "Cancel handler" [_thread_blocked, id=1388, stack(0x0000005dde700000,0x0000005dde800000)]
  0x00000205a9cda7d0 JavaThread "Daemon worker" [_thread_blocked, id=15388, stack(0x0000005dde800000,0x0000005dde900000)]
  0x00000205a9cd6940 JavaThread "Asynchronous log dispatcher for DefaultDaemonConnection: socket connection from /127.0.0.1:47592 to /127.0.0.1:47593" [_thread_blocked, id=16092, stack(0x0000005dde900000,0x0000005ddea00000)]
  0x00000205a9cdbfe0 JavaThread "Stdin handler" [_thread_blocked, id=21900, stack(0x0000005ddea00000,0x0000005ddeb00000)]
  0x00000205a9cd5130 JavaThread "Daemon client event forwarder" [_thread_blocked, id=19668, stack(0x0000005ddeb00000,0x0000005ddec00000)]
  0x00000205a9cdc4b0 JavaThread "Cache worker for journal cache (C:\Users\LAR JEAN\.gradle\caches\journal-1)" [_thread_blocked, id=10692, stack(0x0000005ddec00000,0x0000005dded00000)]
  0x00000205a9cd4c60 JavaThread "File lock request listener" [_thread_in_native, id=13832, stack(0x0000005dded00000,0x0000005ddee00000)]
  0x00000205a9cd9490 JavaThread "Cache worker for file hash cache (C:\Users\LAR JEAN\.gradle\caches\8.0\fileHashes)" [_thread_blocked, id=19700, stack(0x0000005ddee00000,0x0000005ddef00000)]
  0x00000205a9cd5600 JavaThread "File watcher server" daemon [_thread_blocked, id=21204, stack(0x0000005ddf000000,0x0000005ddf100000)]
  0x00000205a9cdaca0 JavaThread "File watcher consumer" daemon [_thread_blocked, id=12112, stack(0x0000005ddf100000,0x0000005ddf200000)]
  0x00000205a9cda300 JavaThread "Cache worker for checksums cache (C:\Users\LAR JEAN\AndroidStudioProjects\MusicAvenue\.gradle\8.0\checksums)" [_thread_blocked, id=21752, stack(0x0000005ddf200000,0x0000005ddf300000)]
  0x00000205a9cd5ad0 JavaThread "Cache worker for cache directory md-rule (C:\Users\LAR JEAN\.gradle\caches\8.0\md-rule)" [_thread_blocked, id=4764, stack(0x0000005ddf300000,0x0000005ddf400000)]
  0x00000205a9cd8af0 JavaThread "Cache worker for file content cache (C:\Users\LAR JEAN\.gradle\caches\8.0\fileContent)" [_thread_blocked, id=8372, stack(0x0000005ddf400000,0x0000005ddf500000)]
  0x00000205a9cd6470 JavaThread "Cache worker for file hash cache (C:\Users\LAR JEAN\AndroidStudioProjects\MusicAvenue\.gradle\8.0\fileHashes)" [_thread_blocked, id=20936, stack(0x0000005ddf500000,0x0000005ddf600000)]
  0x00000205a9cd7c80 JavaThread "Cache worker for cache directory md-supplier (C:\Users\LAR JEAN\.gradle\caches\8.0\md-supplier)" [_thread_blocked, id=8784, stack(0x0000005ddf600000,0x0000005ddf700000)]
  0x00000205a9cdb170 JavaThread "Cache worker for execution history cache (C:\Users\LAR JEAN\.gradle\caches\8.0\executionHistory)" [_thread_blocked, id=16808, stack(0x0000005ddf700000,0x0000005ddf800000)]
  0x00000205a9cd6e10 JavaThread "jar transforms" [_thread_blocked, id=14892, stack(0x0000005ddf800000,0x0000005ddf900000)]
  0x00000205a9cd72e0 JavaThread "jar transforms Thread 2" [_thread_blocked, id=15652, stack(0x0000005ddf900000,0x0000005ddfa00000)]
  0x00000205a9cd8620 JavaThread "jar transforms Thread 3" [_thread_blocked, id=9828, stack(0x0000005ddfb00000,0x0000005ddfc00000)]
  0x00000205a9cd8fc0 JavaThread "jar transforms Thread 4" [_thread_blocked, id=13688, stack(0x0000005ddfc00000,0x0000005ddfd00000)]
  0x00000205a9cd9960 JavaThread "Cache worker for dependencies-accessors (C:\Users\LAR JEAN\AndroidStudioProjects\MusicAvenue\.gradle\8.0\dependencies-accessors)" [_thread_blocked, id=7148, stack(0x0000005ddfd00000,0x0000005ddfe00000)]
  0x00000205acbbe1f0 JavaThread "Cache worker for Build Output Cleanup Cache (C:\Users\LAR JEAN\AndroidStudioProjects\MusicAvenue\.gradle\buildOutputCleanup)" [_thread_blocked, id=13708, stack(0x0000005ddfe00000,0x0000005ddff00000)]
  0x00000205acbbbb70 JavaThread "Unconstrained build operations" [_thread_blocked, id=7468, stack(0x0000005ddff00000,0x0000005de0000000)]
  0x00000205acbbc040 JavaThread "Unconstrained build operations Thread 2" [_thread_blocked, id=20276, stack(0x0000005de0000000,0x0000005de0100000)]
  0x00000205acbb94f0 JavaThread "Unconstrained build operations Thread 3" [_thread_blocked, id=10532, stack(0x0000005de0100000,0x0000005de0200000)]
  0x00000205acbb6e70 JavaThread "Unconstrained build operations Thread 4" [_thread_blocked, id=15952, stack(0x0000005de0200000,0x0000005de0300000)]
  0x00000205acbbc9e0 JavaThread "Unconstrained build operations Thread 5" [_thread_blocked, id=3384, stack(0x0000005de0300000,0x0000005de0400000)]
  0x00000205acbbd380 JavaThread "Unconstrained build operations Thread 6" [_thread_blocked, id=11200, stack(0x0000005de0400000,0x0000005de0500000)]
  0x00000205acbb9e90 JavaThread "Unconstrained build operations Thread 7" [_thread_blocked, id=8952, stack(0x0000005de0500000,0x0000005de0600000)]
  0x00000205acbba830 JavaThread "Unconstrained build operations Thread 8" [_thread_blocked, id=8876, stack(0x0000005de0600000,0x0000005de0700000)]
  0x00000205acbbdd20 JavaThread "Unconstrained build operations Thread 9" [_thread_blocked, id=19240, stack(0x0000005de0700000,0x0000005de0800000)]
  0x00000205acbba360 JavaThread "Unconstrained build operations Thread 10" [_thread_blocked, id=2040, stack(0x0000005de0800000,0x0000005de0900000)]
  0x00000205acbbad00 JavaThread "Unconstrained build operations Thread 11" [_thread_blocked, id=11344, stack(0x0000005de0900000,0x0000005de0a00000)]
  0x00000205acbb9020 JavaThread "Unconstrained build operations Thread 12" [_thread_blocked, id=13468, stack(0x0000005de0a00000,0x0000005de0b00000)]
  0x00000205acbbceb0 JavaThread "Unconstrained build operations Thread 13" [_thread_blocked, id=8000, stack(0x0000005de0b00000,0x0000005de0c00000)]
  0x00000205acbbd850 JavaThread "Unconstrained build operations Thread 14" [_thread_blocked, id=4948, stack(0x0000005de0c00000,0x0000005de0d00000)]
  0x00000205acbbb1d0 JavaThread "Unconstrained build operations Thread 15" [_thread_blocked, id=19196, stack(0x0000005de0d00000,0x0000005de0e00000)]
  0x00000205acbbb6a0 JavaThread "Unconstrained build operations Thread 16" [_thread_blocked, id=4916, stack(0x0000005de0e00000,0x0000005de0f00000)]
  0x00000205acbb7340 JavaThread "Unconstrained build operations Thread 17" [_thread_blocked, id=18776, stack(0x0000005de0f00000,0x0000005de1000000)]
  0x00000205acbb7810 JavaThread "Unconstrained build operations Thread 18" [_thread_blocked, id=2596, stack(0x0000005de1000000,0x0000005de1100000)]
  0x00000205acbbe6c0 JavaThread "Unconstrained build operations Thread 19" [_thread_blocked, id=22356, stack(0x0000005de1100000,0x0000005de1200000)]
  0x00000205acbb81b0 JavaThread "Unconstrained build operations Thread 20" [_thread_blocked, id=19488, stack(0x0000005de1200000,0x0000005de1300000)]
  0x00000205acbb7ce0 JavaThread "Unconstrained build operations Thread 21" [_thread_blocked, id=10320, stack(0x0000005de1300000,0x0000005de1400000)]
  0x00000205acbb8680 JavaThread "Unconstrained build operations Thread 22" [_thread_blocked, id=18744, stack(0x0000005de1400000,0x0000005de1500000)]
  0x00000205adae2e80 JavaThread "Unconstrained build operations Thread 23" [_thread_blocked, id=18532, stack(0x0000005de1500000,0x0000005de1600000)]
  0x00000205adae5030 JavaThread "Unconstrained build operations Thread 24" [_thread_blocked, id=1124, stack(0x0000005de1600000,0x0000005de1700000)]
  0x00000205adadf990 JavaThread "Unconstrained build operations Thread 25" [_thread_blocked, id=20824, stack(0x0000005de1700000,0x0000005de1800000)]
  0x00000205adae0330 JavaThread "Unconstrained build operations Thread 26" [_thread_blocked, id=20648, stack(0x0000005de1800000,0x0000005de1900000)]
  0x00000205adae4690 JavaThread "Unconstrained build operations Thread 27" [_thread_blocked, id=6776, stack(0x0000005de1900000,0x0000005de1a00000)]
  0x00000205adae3cf0 JavaThread "Unconstrained build operations Thread 28" [_thread_blocked, id=10908, stack(0x0000005de1a00000,0x0000005de1b00000)]
  0x00000205adae29b0 JavaThread "Unconstrained build operations Thread 29" [_thread_blocked, id=16312, stack(0x0000005de1b00000,0x0000005de1c00000)]
  0x00000205adae4b60 JavaThread "Unconstrained build operations Thread 30" [_thread_blocked, id=9652, stack(0x0000005de1c00000,0x0000005de1d00000)]
  0x00000205adae3350 JavaThread "Unconstrained build operations Thread 31" [_thread_blocked, id=8188, stack(0x0000005de1d00000,0x0000005de1e00000)]
  0x00000205adae59d0 JavaThread "Unconstrained build operations Thread 32" [_thread_blocked, id=21200, stack(0x0000005de1e00000,0x0000005de1f00000)]
  0x00000205adadfe60 JavaThread "Unconstrained build operations Thread 33" [_thread_blocked, id=8328, stack(0x0000005de1f00000,0x0000005de2000000)]
  0x00000205adae5ea0 JavaThread "Unconstrained build operations Thread 34" [_thread_blocked, id=11880, stack(0x0000005de2000000,0x0000005de2100000)]
  0x00000205adae5500 JavaThread "Unconstrained build operations Thread 35" [_thread_blocked, id=6456, stack(0x0000005de2100000,0x0000005de2200000)]
  0x00000205adae11a0 JavaThread "Unconstrained build operations Thread 36" [_thread_blocked, id=16872, stack(0x0000005de2200000,0x0000005de2300000)]
  0x00000205adae0800 JavaThread "Unconstrained build operations Thread 37" [_thread_blocked, id=13896, stack(0x0000005de2300000,0x0000005de2400000)]
  0x00000205adae6370 JavaThread "Unconstrained build operations Thread 38" [_thread_blocked, id=22292, stack(0x0000005de2400000,0x0000005de2500000)]
  0x00000205adae1670 JavaThread "Unconstrained build operations Thread 39" [_thread_blocked, id=5456, stack(0x0000005de2500000,0x0000005de2600000)]
  0x00000205adadeb20 JavaThread "Unconstrained build operations Thread 40" [_thread_blocked, id=21688, stack(0x0000005de2600000,0x0000005de2700000)]
  0x00000205adae1b40 JavaThread "build event listener" [_thread_blocked, id=19508, stack(0x0000005de2700000,0x0000005de2800000)]
  0x00000205adae24e0 JavaThread "Memory manager" [_thread_blocked, id=6608, stack(0x0000005de2800000,0x0000005de2900000)]
  0x00000205ad7b4810 JavaThread "included builds" [_thread_blocked, id=21456, stack(0x0000005ddef00000,0x0000005ddf000000)]
  0x00000205ad7b9510 JavaThread "Execution worker" [_thread_blocked, id=20324, stack(0x0000005de2900000,0x0000005de2a00000)]
  0x00000205ad7b9040 JavaThread "Execution worker Thread 2" [_thread_blocked, id=10488, stack(0x0000005de2a00000,0x0000005de2b00000)]
  0x00000205ad7b3e70 JavaThread "Execution worker Thread 3" [_thread_blocked, id=9916, stack(0x0000005de2b00000,0x0000005de2c00000)]
  0x00000205ad7b3000 JavaThread "Cache worker for execution history cache (C:\Users\LAR JEAN\AndroidStudioProjects\MusicAvenue\.gradle\8.0\executionHistory)" [_thread_blocked, id=12528, stack(0x0000005de2c00000,0x0000005de2d00000)]
  0x00000205a8a753a0 JavaThread "WorkerExecutor Queue" [_thread_blocked, id=19296, stack(0x0000005de2d00000,0x0000005de2e00000)]
  0x00000205a8a75870 JavaThread "WorkerExecutor Queue Thread 2" [_thread_blocked, id=12708, stack(0x0000005de2e00000,0x0000005de2f00000)]
  0x00000205b01fded0 JavaThread "WorkerExecutor Queue Thread 3" [_thread_blocked, id=15000, stack(0x0000005de2f00000,0x0000005de3000000)]
  0x00000205b01fe3a0 JavaThread "WorkerExecutor Queue Thread 4" [_thread_blocked, id=15396, stack(0x0000005de3000000,0x0000005de3100000)]

Other Threads:
=>0x00000205a6b13d70 VMThread "VM Thread" [stack: 0x0000005ddd200000,0x0000005ddd300000] [id=8044]
  0x00000205a76ad010 WatcherThread [stack: 0x0000005ddde00000,0x0000005dddf00000] [id=18220]
  0x000002058b6533e0 GCTaskThread "GC Thread#0" [stack: 0x0000005ddcd00000,0x0000005ddce00000] [id=18052]
  0x00000205a7cfecb0 GCTaskThread "GC Thread#1" [stack: 0x0000005dde000000,0x0000005dde100000] [id=2124]
  0x00000205a797e1e0 GCTaskThread "GC Thread#2" [stack: 0x0000005dde100000,0x0000005dde200000] [id=2852]
  0x00000205a7df2870 GCTaskThread "GC Thread#3" [stack: 0x0000005dde200000,0x0000005dde300000] [id=1860]
  0x000002058b665330 ConcurrentGCThread "G1 Main Marker" [stack: 0x0000005ddce00000,0x0000005ddcf00000] [id=17068]
  0x000002058b665d40 ConcurrentGCThread "G1 Conc#0" [stack: 0x0000005ddcf00000,0x0000005ddd000000] [id=21072]
  0x00000205a69820b0 ConcurrentGCThread "G1 Refine#0" [stack: 0x0000005ddd000000,0x0000005ddd100000] [id=13180]
  0x00000205aa398160 ConcurrentGCThread "G1 Refine#1" [stack: 0x0000005ddfa00000,0x0000005ddfb00000] [id=17584]
  0x00000205a6982ad0 ConcurrentGCThread "G1 Service" [stack: 0x0000005ddd100000,0x0000005ddd200000] [id=10280]

Threads with active compile tasks:
C2 CompilerThread0    42276 20202 %     4       com.android.tools.r8.ir.regalloc.b::c @ 2009 (4041 bytes)

VM state: at safepoint (normal execution)

VM Mutex/Monitor currently owned by a thread:  ([mutex/lock_event])
[0x000002058b5f4330] Threads_lock - owner thread: 0x00000205a6b13d70
[0x000002058b5f3910] Heap_lock - owner thread: 0x00000205adae11a0

Heap address: 0x0000000080000000, size: 2048 MB, Compressed Oops mode: 32-bit

CDS archive(s) not mapped
Compressed class space mapped at: 0x0000000100000000-0x0000000140000000, reserved size: 1073741824
Narrow klass base: 0x0000000000000000, Narrow klass shift: 3, Narrow klass range: 0x140000000

GC Precious Log:
 CPUs: 4 total, 4 available
 Memory: 8025M
 Large Page Support: Disabled
 NUMA Support: Disabled
 Compressed Oops: Enabled (32-bit)
 Heap Region Size: 1M
 Heap Min Capacity: 8M
 Heap Initial Capacity: 126M
 Heap Max Capacity: 2G
 Pre-touch: Disabled
 Parallel Workers: 4
 Concurrent Workers: 1
 Concurrent Refinement Workers: 4
 Periodic GC: Disabled

Heap:
 garbage-first heap   total 317440K, used 141129K [0x0000000080000000, 0x0000000100000000)
  region size 1024K, 8 young (8192K), 8 survivors (8192K)
 Metaspace       used 125308K, committed 126080K, reserved 1163264K
  class space    used 16769K, committed 17152K, reserved 1048576K

Heap Regions: E=young(eden), S=young(survivor), O=old, HS=humongous(starts), HC=humongous(continues), CS=collection set, F=free, OA=open archive, CA=closed archive, TAMS=top-at-mark-start (previous, next)
|   0|0x0000000080000000, 0x0000000080100000, 0x0000000080100000|100%| O|  |TAMS 0x0000000080100000, 0x0000000080000000| Untracked 
|   1|0x0000000080100000, 0x0000000080200000, 0x0000000080200000|100%| O|  |TAMS 0x0000000080200000, 0x0000000080100000| Untracked 
|   2|0x0000000080200000, 0x0000000080300000, 0x0000000080300000|100%|HS|  |TAMS 0x0000000080300000, 0x0000000080200000| Complete 
|   3|0x0000000080300000, 0x0000000080400000, 0x0000000080400000|100%|HC|  |TAMS 0x0000000080400000, 0x0000000080300000| Complete 
|   4|0x0000000080400000, 0x0000000080500000, 0x0000000080500000|100%|HC|  |TAMS 0x0000000080500000, 0x0000000080400000| Complete 
|   5|0x0000000080500000, 0x0000000080600000, 0x0000000080600000|100%|HC|  |TAMS 0x0000000080600000, 0x0000000080500000| Complete 
|   6|0x0000000080600000, 0x0000000080700000, 0x0000000080700000|100%| O|  |TAMS 0x0000000080700000, 0x0000000080600000| Untracked 
|   7|0x0000000080700000, 0x0000000080800000, 0x0000000080800000|100%| O|  |TAMS 0x0000000080800000, 0x0000000080700000| Untracked 
|   8|0x0000000080800000, 0x0000000080900000, 0x0000000080900000|100%| O|  |TAMS 0x0000000080900000, 0x0000000080800000| Untracked 
|   9|0x0000000080900000, 0x0000000080a00000, 0x0000000080a00000|100%| O|  |TAMS 0x0000000080a00000, 0x0000000080900000| Untracked 
|  10|0x0000000080a00000, 0x0000000080b00000, 0x0000000080b00000|100%| O|  |TAMS 0x0000000080b00000, 0x0000000080a00000| Untracked 
|  11|0x0000000080b00000, 0x0000000080c00000, 0x0000000080c00000|100%| O|  |TAMS 0x0000000080c00000, 0x0000000080b00000| Untracked 
|  12|0x0000000080c00000, 0x0000000080d00000, 0x0000000080d00000|100%| O|  |TAMS 0x0000000080d00000, 0x0000000080c00000| Untracked 
|  13|0x0000000080d00000, 0x0000000080e00000, 0x0000000080e00000|100%| O|  |TAMS 0x0000000080e00000, 0x0000000080d00000| Untracked 
|  14|0x0000000080e00000, 0x0000000080f00000, 0x0000000080f00000|100%| O|  |TAMS 0x0000000080f00000, 0x0000000080e00000| Untracked 
|  15|0x0000000080f00000, 0x0000000081000000, 0x0000000081000000|100%| O|  |TAMS 0x0000000081000000, 0x0000000080f00000| Untracked 
|  16|0x0000000081000000, 0x0000000081100000, 0x0000000081100000|100%| O|  |TAMS 0x0000000081100000, 0x0000000081000000| Untracked 
|  17|0x0000000081100000, 0x0000000081200000, 0x0000000081200000|100%| O|  |TAMS 0x0000000081200000, 0x0000000081100000| Untracked 
|  18|0x0000000081200000, 0x0000000081300000, 0x0000000081300000|100%| O|  |TAMS 0x0000000081300000, 0x0000000081200000| Untracked 
|  19|0x0000000081300000, 0x0000000081400000, 0x0000000081400000|100%| O|  |TAMS 0x0000000081400000, 0x0000000081300000| Untracked 
|  20|0x0000000081400000, 0x0000000081500000, 0x0000000081500000|100%| O|  |TAMS 0x0000000081500000, 0x0000000081400000| Untracked 
|  21|0x0000000081500000, 0x0000000081600000, 0x0000000081600000|100%| O|  |TAMS 0x0000000081600000, 0x0000000081500000| Untracked 
|  22|0x0000000081600000, 0x0000000081700000, 0x0000000081700000|100%| O|  |TAMS 0x0000000081700000, 0x0000000081600000| Untracked 
|  23|0x0000000081700000, 0x0000000081800000, 0x0000000081800000|100%| O|  |TAMS 0x0000000081800000, 0x0000000081700000| Untracked 
|  24|0x0000000081800000, 0x0000000081900000, 0x0000000081900000|100%| O|  |TAMS 0x0000000081900000, 0x0000000081800000| Untracked 
|  25|0x0000000081900000, 0x0000000081a00000, 0x0000000081a00000|100%| O|  |TAMS 0x0000000081a00000, 0x0000000081900000| Untracked 
|  26|0x0000000081a00000, 0x0000000081b00000, 0x0000000081b00000|100%| O|  |TAMS 0x0000000081b00000, 0x0000000081a00000| Untracked 
|  27|0x0000000081b00000, 0x0000000081c00000, 0x0000000081c00000|100%| O|  |TAMS 0x0000000081c00000, 0x0000000081b00000| Untracked 
|  28|0x0000000081c00000, 0x0000000081d00000, 0x0000000081d00000|100%| O|  |TAMS 0x0000000081d00000, 0x0000000081c00000| Untracked 
|  29|0x0000000081d00000, 0x0000000081e00000, 0x0000000081e00000|100%| O|  |TAMS 0x0000000081e00000, 0x0000000081d00000| Untracked 
|  30|0x0000000081e00000, 0x0000000081f00000, 0x0000000081f00000|100%| O|  |TAMS 0x0000000081f00000, 0x0000000081e00000| Untracked 
|  31|0x0000000081f00000, 0x0000000082000000, 0x0000000082000000|100%| O|  |TAMS 0x0000000082000000, 0x0000000081f00000| Untracked 
|  32|0x0000000082000000, 0x0000000082100000, 0x0000000082100000|100%| O|  |TAMS 0x0000000082100000, 0x0000000082000000| Untracked 
|  33|0x0000000082100000, 0x0000000082200000, 0x0000000082200000|100%| O|  |TAMS 0x0000000082200000, 0x0000000082100000| Untracked 
|  34|0x0000000082200000, 0x0000000082300000, 0x0000000082300000|100%|HS|  |TAMS 0x0000000082300000, 0x0000000082200000| Complete 
|  35|0x0000000082300000, 0x0000000082400000, 0x0000000082400000|100%|HS|  |TAMS 0x0000000082400000, 0x0000000082300000| Complete 
|  36|0x0000000082400000, 0x0000000082500000, 0x0000000082500000|100%| O|  |TAMS 0x0000000082500000, 0x0000000082400000| Untracked 
|  37|0x0000000082500000, 0x0000000082600000, 0x0000000082600000|100%| O|  |TAMS 0x0000000082600000, 0x0000000082500000| Untracked 
|  38|0x0000000082600000, 0x0000000082700000, 0x0000000082700000|100%| O|  |TAMS 0x0000000082700000, 0x0000000082600000| Untracked 
|  39|0x0000000082700000, 0x0000000082800000, 0x0000000082800000|100%| O|  |TAMS 0x0000000082800000, 0x0000000082700000| Untracked 
|  40|0x0000000082800000, 0x0000000082900000, 0x0000000082900000|100%|HS|  |TAMS 0x0000000082900000, 0x0000000082800000| Complete 
|  41|0x0000000082900000, 0x0000000082a00000, 0x0000000082a00000|100%|HC|  |TAMS 0x0000000082a00000, 0x0000000082900000| Complete 
|  42|0x0000000082a00000, 0x0000000082b00000, 0x0000000082b00000|100%|HS|  |TAMS 0x0000000082b00000, 0x0000000082a00000| Complete 
|  43|0x0000000082b00000, 0x0000000082c00000, 0x0000000082c00000|100%|HC|  |TAMS 0x0000000082c00000, 0x0000000082b00000| Complete 
|  44|0x0000000082c00000, 0x0000000082d00000, 0x0000000082d00000|100%|HC|  |TAMS 0x0000000082d00000, 0x0000000082c00000| Complete 
|  45|0x0000000082d00000, 0x0000000082e00000, 0x0000000082e00000|100%|HC|  |TAMS 0x0000000082e00000, 0x0000000082d00000| Complete 
|  46|0x0000000082e00000, 0x0000000082f00000, 0x0000000082f00000|100%| O|  |TAMS 0x0000000082f00000, 0x0000000082e00000| Untracked 
|  47|0x0000000082f00000, 0x0000000083000000, 0x0000000083000000|100%| O|  |TAMS 0x0000000083000000, 0x0000000082f00000| Untracked 
|  48|0x0000000083000000, 0x0000000083100000, 0x0000000083100000|100%| O|  |TAMS 0x0000000083100000, 0x0000000083000000| Untracked 
|  49|0x0000000083100000, 0x0000000083200000, 0x0000000083200000|100%| O|  |TAMS 0x0000000083200000, 0x0000000083100000| Untracked 
|  50|0x0000000083200000, 0x0000000083300000, 0x0000000083300000|100%| O|  |TAMS 0x0000000083300000, 0x0000000083200000| Untracked 
|  51|0x0000000083300000, 0x0000000083400000, 0x0000000083400000|100%| O|  |TAMS 0x0000000083400000, 0x0000000083300000| Untracked 
|  52|0x0000000083400000, 0x0000000083500000, 0x0000000083500000|100%| O|  |TAMS 0x0000000083500000, 0x0000000083400000| Untracked 
|  53|0x0000000083500000, 0x0000000083600000, 0x0000000083600000|100%| O|  |TAMS 0x0000000083600000, 0x0000000083500000| Untracked 
|  54|0x0000000083600000, 0x0000000083700000, 0x0000000083700000|100%| O|  |TAMS 0x0000000083700000, 0x0000000083600000| Untracked 
|  55|0x0000000083700000, 0x0000000083800000, 0x0000000083800000|100%| O|  |TAMS 0x0000000083800000, 0x0000000083700000| Untracked 
|  56|0x0000000083800000, 0x0000000083900000, 0x0000000083900000|100%| O|  |TAMS 0x0000000083900000, 0x0000000083800000| Untracked 
|  57|0x0000000083900000, 0x0000000083a00000, 0x0000000083a00000|100%| O|  |TAMS 0x0000000083a00000, 0x0000000083900000| Untracked 
|  58|0x0000000083a00000, 0x0000000083b00000, 0x0000000083b00000|100%| O|  |TAMS 0x0000000083b00000, 0x0000000083a00000| Untracked 
|  59|0x0000000083b00000, 0x0000000083c00000, 0x0000000083c00000|100%| O|  |TAMS 0x0000000083c00000, 0x0000000083b00000| Untracked 
|  60|0x0000000083c00000, 0x0000000083d00000, 0x0000000083d00000|100%| O|  |TAMS 0x0000000083d00000, 0x0000000083c00000| Untracked 
|  61|0x0000000083d00000, 0x0000000083e00000, 0x0000000083e00000|100%| O|  |TAMS 0x0000000083e00000, 0x0000000083d00000| Untracked 
|  62|0x0000000083e00000, 0x0000000083f00000, 0x0000000083f00000|100%| O|  |TAMS 0x0000000083f00000, 0x0000000083e00000| Untracked 
|  63|0x0000000083f00000, 0x0000000084000000, 0x0000000084000000|100%| O|  |TAMS 0x0000000084000000, 0x0000000083f00000| Untracked 
|  64|0x0000000084000000, 0x0000000084100000, 0x0000000084100000|100%| O|  |TAMS 0x0000000084100000, 0x0000000084000000| Untracked 
|  65|0x0000000084100000, 0x0000000084200000, 0x0000000084200000|100%| O|  |TAMS 0x0000000084200000, 0x0000000084100000| Untracked 
|  66|0x0000000084200000, 0x0000000084300000, 0x0000000084300000|100%| O|  |TAMS 0x0000000084300000, 0x0000000084200000| Untracked 
|  67|0x0000000084300000, 0x0000000084400000, 0x0000000084400000|100%| O|  |TAMS 0x0000000084400000, 0x0000000084300000| Untracked 
|  68|0x0000000084400000, 0x0000000084500000, 0x0000000084500000|100%| O|  |TAMS 0x0000000084500000, 0x0000000084400000| Untracked 
|  69|0x0000000084500000, 0x0000000084600000, 0x0000000084600000|100%| O|  |TAMS 0x0000000084600000, 0x0000000084500000| Untracked 
|  70|0x0000000084600000, 0x0000000084700000, 0x0000000084700000|100%| O|  |TAMS 0x0000000084700000, 0x0000000084600000| Untracked 
|  71|0x0000000084700000, 0x0000000084800000, 0x0000000084800000|100%| O|  |TAMS 0x0000000084800000, 0x0000000084700000| Untracked 
|  72|0x0000000084800000, 0x0000000084900000, 0x0000000084900000|100%| O|  |TAMS 0x0000000084900000, 0x0000000084800000| Untracked 
|  73|0x0000000084900000, 0x0000000084a00000, 0x0000000084a00000|100%| O|  |TAMS 0x0000000084a00000, 0x0000000084900000| Untracked 
|  74|0x0000000084a00000, 0x0000000084b00000, 0x0000000084b00000|100%| O|  |TAMS 0x0000000084b00000, 0x0000000084a00000| Untracked 
|  75|0x0000000084b00000, 0x0000000084c00000, 0x0000000084c00000|100%| O|  |TAMS 0x0000000084c00000, 0x0000000084b00000| Untracked 
|  76|0x0000000084c00000, 0x0000000084d00000, 0x0000000084d00000|100%| O|  |TAMS 0x0000000084d00000, 0x0000000084c00000| Untracked 
|  77|0x0000000084d00000, 0x0000000084e00000, 0x0000000084e00000|100%| O|  |TAMS 0x0000000084e00000, 0x0000000084d00000| Untracked 
|  78|0x0000000084e00000, 0x0000000084f00000, 0x0000000084f00000|100%| O|  |TAMS 0x0000000084f00000, 0x0000000084e00000| Untracked 
|  79|0x0000000084f00000, 0x0000000085000000, 0x0000000085000000|100%| O|  |TAMS 0x0000000085000000, 0x0000000084f00000| Untracked 
|  80|0x0000000085000000, 0x0000000085100000, 0x0000000085100000|100%| O|  |TAMS 0x0000000085100000, 0x0000000085000000| Untracked 
|  81|0x0000000085100000, 0x0000000085200000, 0x0000000085200000|100%| O|  |TAMS 0x0000000085200000, 0x0000000085100000| Untracked 
|  82|0x0000000085200000, 0x0000000085300000, 0x0000000085300000|100%| O|  |TAMS 0x0000000085300000, 0x0000000085200000| Untracked 
|  83|0x0000000085300000, 0x0000000085400000, 0x0000000085400000|100%| O|  |TAMS 0x0000000085400000, 0x0000000085300000| Untracked 
|  84|0x0000000085400000, 0x0000000085500000, 0x0000000085500000|100%| O|  |TAMS 0x0000000085500000, 0x0000000085400000| Untracked 
|  85|0x0000000085500000, 0x0000000085600000, 0x0000000085600000|100%| O|  |TAMS 0x0000000085600000, 0x0000000085500000| Untracked 
|  86|0x0000000085600000, 0x0000000085700000, 0x0000000085700000|100%| O|  |TAMS 0x0000000085700000, 0x0000000085600000| Untracked 
|  87|0x0000000085700000, 0x0000000085800000, 0x0000000085800000|100%| O|  |TAMS 0x0000000085800000, 0x0000000085700000| Untracked 
|  88|0x0000000085800000, 0x0000000085900000, 0x0000000085900000|100%| O|  |TAMS 0x0000000085900000, 0x0000000085800000| Untracked 
|  89|0x0000000085900000, 0x0000000085a00000, 0x0000000085a00000|100%| O|  |TAMS 0x0000000085a00000, 0x0000000085900000| Untracked 
|  90|0x0000000085a00000, 0x0000000085b00000, 0x0000000085b00000|100%| O|  |TAMS 0x0000000085b00000, 0x0000000085a00000| Untracked 
|  91|0x0000000085b00000, 0x0000000085c00000, 0x0000000085c00000|100%| O|  |TAMS 0x0000000085c00000, 0x0000000085b00000| Untracked 
|  92|0x0000000085c00000, 0x0000000085d00000, 0x0000000085d00000|100%| O|  |TAMS 0x0000000085c00000, 0x0000000085c00000| Untracked 
|  93|0x0000000085d00000, 0x0000000085e00000, 0x0000000085e00000|100%| O|  |TAMS 0x0000000085e00000, 0x0000000085d00000| Untracked 
|  94|0x0000000085e00000, 0x0000000085f00000, 0x0000000085f00000|100%| O|  |TAMS 0x0000000085e00000, 0x0000000085e00000| Untracked 
|  95|0x0000000085f00000, 0x0000000086000000, 0x0000000086000000|100%| O|  |TAMS 0x0000000085f00000, 0x0000000085f00000| Untracked 
|  96|0x0000000086000000, 0x0000000086100000, 0x0000000086100000|100%| O|  |TAMS 0x0000000086100000, 0x0000000086000000| Untracked 
|  97|0x0000000086100000, 0x0000000086200000, 0x0000000086200000|100%| O|  |TAMS 0x0000000086100000, 0x0000000086100000| Untracked 
|  98|0x0000000086200000, 0x0000000086200000, 0x0000000086300000|  0%| F|  |TAMS 0x0000000086200000, 0x0000000086200000| Untracked 
|  99|0x0000000086300000, 0x0000000086400000, 0x0000000086400000|100%| O|  |TAMS 0x0000000086300000, 0x0000000086300000| Untracked 
| 100|0x0000000086400000, 0x0000000086400000, 0x0000000086500000|  0%| F|  |TAMS 0x0000000086400000, 0x0000000086400000| Untracked 
| 101|0x0000000086500000, 0x0000000086600000, 0x0000000086600000|100%| O|  |TAMS 0x0000000086500000, 0x0000000086500000| Untracked 
| 102|0x0000000086600000, 0x0000000086700000, 0x0000000086700000|100%| O|  |TAMS 0x0000000086600000, 0x0000000086600000| Untracked 
| 103|0x0000000086700000, 0x0000000086800000, 0x0000000086800000|100%| O|  |TAMS 0x0000000086800000, 0x0000000086700000| Untracked 
| 104|0x0000000086800000, 0x0000000086900000, 0x0000000086900000|100%| O|  |TAMS 0x0000000086800000, 0x0000000086800000| Untracked 
| 105|0x0000000086900000, 0x0000000086a00000, 0x0000000086a00000|100%| O|  |TAMS 0x0000000086a00000, 0x0000000086900000| Untracked 
| 106|0x0000000086a00000, 0x0000000086b00000, 0x0000000086b00000|100%| O|  |TAMS 0x0000000086b00000, 0x0000000086a00000| Untracked 
| 107|0x0000000086b00000, 0x0000000086c00000, 0x0000000086c00000|100%| O|  |TAMS 0x0000000086c00000, 0x0000000086b00000| Untracked 
| 108|0x0000000086c00000, 0x0000000086d00000, 0x0000000086d00000|100%| O|  |TAMS 0x0000000086d00000, 0x0000000086c00000| Untracked 
| 109|0x0000000086d00000, 0x0000000086e00000, 0x0000000086e00000|100%| O|  |TAMS 0x0000000086e00000, 0x0000000086d00000| Untracked 
| 110|0x0000000086e00000, 0x0000000086f00000, 0x0000000086f00000|100%| O|  |TAMS 0x0000000086f00000, 0x0000000086e00000| Untracked 
| 111|0x0000000086f00000, 0x0000000087000000, 0x0000000087000000|100%| O|  |TAMS 0x0000000086f00000, 0x0000000086f00000| Untracked 
| 112|0x0000000087000000, 0x0000000087100000, 0x0000000087100000|100%| O|  |TAMS 0x0000000087100000, 0x0000000087000000| Untracked 
| 113|0x0000000087100000, 0x0000000087200000, 0x0000000087200000|100%| O|  |TAMS 0x0000000087200000, 0x0000000087100000| Untracked 
| 114|0x0000000087200000, 0x0000000087300000, 0x0000000087300000|100%| O|  |TAMS 0x0000000087300000, 0x0000000087200000| Untracked 
| 115|0x0000000087300000, 0x0000000087400000, 0x0000000087400000|100%| O|  |TAMS 0x0000000087400000, 0x0000000087300000| Untracked 
| 116|0x0000000087400000, 0x0000000087400000, 0x0000000087500000|  0%| F|  |TAMS 0x0000000087400000, 0x0000000087400000| Untracked 
| 117|0x0000000087500000, 0x0000000087600000, 0x0000000087600000|100%| O|  |TAMS 0x0000000087500000, 0x0000000087500000| Untracked 
| 118|0x0000000087600000, 0x0000000087700000, 0x0000000087700000|100%| O|  |TAMS 0x0000000087600000, 0x0000000087600000| Untracked 
| 119|0x0000000087700000, 0x0000000087800000, 0x0000000087800000|100%| O|  |TAMS 0x0000000087800000, 0x0000000087700000| Untracked 
| 120|0x0000000087800000, 0x0000000087900000, 0x0000000087900000|100%| O|  |TAMS 0x0000000087900000, 0x0000000087800000| Untracked 
| 121|0x0000000087900000, 0x0000000087a00000, 0x0000000087a00000|100%| O|  |TAMS 0x0000000087a00000, 0x0000000087900000| Untracked 
| 122|0x0000000087a00000, 0x0000000087b00000, 0x0000000087b00000|100%| O|  |TAMS 0x0000000087b00000, 0x0000000087a00000| Untracked 
| 123|0x0000000087b00000, 0x0000000087b2e200, 0x0000000087c00000| 18%| O|  |TAMS 0x0000000087b00000, 0x0000000087b00000| Untracked 
| 124|0x0000000087c00000, 0x0000000087c00000, 0x0000000087d00000|  0%| F|  |TAMS 0x0000000087c00000, 0x0000000087c00000| Untracked 
| 125|0x0000000087d00000, 0x0000000087e00000, 0x0000000087e00000|100%| O|  |TAMS 0x0000000087e00000, 0x0000000087d00000| Untracked 
| 126|0x0000000087e00000, 0x0000000087e00000, 0x0000000087f00000|  0%| F|  |TAMS 0x0000000087e00000, 0x0000000087e00000| Untracked 
| 127|0x0000000087f00000, 0x0000000087f00000, 0x0000000088000000|  0%| F|  |TAMS 0x0000000087f00000, 0x0000000087f00000| Untracked 
| 128|0x0000000088000000, 0x0000000088000000, 0x0000000088100000|  0%| F|  |TAMS 0x0000000088000000, 0x0000000088000000| Untracked 
| 129|0x0000000088100000, 0x0000000088200000, 0x0000000088200000|100%| O|  |TAMS 0x0000000088200000, 0x0000000088100000| Untracked 
| 130|0x0000000088200000, 0x0000000088300000, 0x0000000088300000|100%| O|  |TAMS 0x0000000088300000, 0x0000000088200000| Untracked 
| 131|0x0000000088300000, 0x0000000088400000, 0x0000000088400000|100%| O|  |TAMS 0x0000000088400000, 0x0000000088300000| Untracked 
| 132|0x0000000088400000, 0x0000000088500000, 0x0000000088500000|100%| O|  |TAMS 0x0000000088500000, 0x0000000088400000| Untracked 
| 133|0x0000000088500000, 0x0000000088600000, 0x0000000088600000|100%| O|  |TAMS 0x0000000088600000, 0x0000000088500000| Untracked 
| 134|0x0000000088600000, 0x0000000088700000, 0x0000000088700000|100%| O|  |TAMS 0x0000000088700000, 0x0000000088600000| Untracked 
| 135|0x0000000088700000, 0x0000000088800000, 0x0000000088800000|100%| O|  |TAMS 0x0000000088800000, 0x0000000088700000| Untracked 
| 136|0x0000000088800000, 0x0000000088900000, 0x0000000088900000|100%| O|  |TAMS 0x0000000088900000, 0x0000000088800000| Untracked 
| 137|0x0000000088900000, 0x0000000088a00000, 0x0000000088a00000|100%| O|  |TAMS 0x0000000088a00000, 0x0000000088900000| Untracked 
| 138|0x0000000088a00000, 0x0000000088a00000, 0x0000000088b00000|  0%| F|  |TAMS 0x0000000088a00000, 0x0000000088a00000| Untracked 
| 139|0x0000000088b00000, 0x0000000088b00000, 0x0000000088c00000|  0%| F|  |TAMS 0x0000000088b00000, 0x0000000088b00000| Untracked 
| 140|0x0000000088c00000, 0x0000000088c00000, 0x0000000088d00000|  0%| F|  |TAMS 0x0000000088c00000, 0x0000000088c00000| Untracked 
| 141|0x0000000088d00000, 0x0000000088d00000, 0x0000000088e00000|  0%| F|  |TAMS 0x0000000088d00000, 0x0000000088d00000| Untracked 
| 142|0x0000000088e00000, 0x0000000088e00000, 0x0000000088f00000|  0%| F|  |TAMS 0x0000000088e00000, 0x0000000088e00000| Untracked 
| 143|0x0000000088f00000, 0x0000000088f00000, 0x0000000089000000|  0%| F|  |TAMS 0x0000000088f00000, 0x0000000088f00000| Untracked 
| 144|0x0000000089000000, 0x0000000089000000, 0x0000000089100000|  0%| F|  |TAMS 0x0000000089000000, 0x0000000089000000| Untracked 
| 145|0x0000000089100000, 0x0000000089100000, 0x0000000089200000|  0%| F|  |TAMS 0x0000000089100000, 0x0000000089100000| Untracked 
| 146|0x0000000089200000, 0x0000000089200000, 0x0000000089300000|  0%| F|  |TAMS 0x0000000089200000, 0x0000000089200000| Untracked 
| 147|0x0000000089300000, 0x0000000089300000, 0x0000000089400000|  0%| F|  |TAMS 0x0000000089300000, 0x0000000089300000| Untracked 
| 148|0x0000000089400000, 0x0000000089400000, 0x0000000089500000|  0%| F|  |TAMS 0x0000000089400000, 0x0000000089400000| Untracked 
| 149|0x0000000089500000, 0x0000000089500000, 0x0000000089600000|  0%| F|  |TAMS 0x0000000089500000, 0x0000000089500000| Untracked 
| 150|0x0000000089600000, 0x0000000089600000, 0x0000000089700000|  0%| F|  |TAMS 0x0000000089600000, 0x0000000089600000| Untracked 
| 151|0x0000000089700000, 0x0000000089700000, 0x0000000089800000|  0%| F|  |TAMS 0x0000000089700000, 0x0000000089700000| Untracked 
| 152|0x0000000089800000, 0x0000000089800000, 0x0000000089900000|  0%| F|  |TAMS 0x0000000089800000, 0x0000000089800000| Untracked 
| 153|0x0000000089900000, 0x0000000089900000, 0x0000000089a00000|  0%| F|  |TAMS 0x0000000089900000, 0x0000000089900000| Untracked 
| 154|0x0000000089a00000, 0x0000000089a00000, 0x0000000089b00000|  0%| F|  |TAMS 0x0000000089a00000, 0x0000000089a00000| Untracked 
| 155|0x0000000089b00000, 0x0000000089b00000, 0x0000000089c00000|  0%| F|  |TAMS 0x0000000089b00000, 0x0000000089b00000| Untracked 
| 156|0x0000000089c00000, 0x0000000089c00000, 0x0000000089d00000|  0%| F|  |TAMS 0x0000000089c00000, 0x0000000089c00000| Untracked 
| 157|0x0000000089d00000, 0x0000000089d00000, 0x0000000089e00000|  0%| F|  |TAMS 0x0000000089d00000, 0x0000000089d00000| Untracked 
| 158|0x0000000089e00000, 0x0000000089e00000, 0x0000000089f00000|  0%| F|  |TAMS 0x0000000089e00000, 0x0000000089e00000| Untracked 
| 159|0x0000000089f00000, 0x0000000089f00000, 0x000000008a000000|  0%| F|  |TAMS 0x0000000089f00000, 0x0000000089f00000| Untracked 
| 160|0x000000008a000000, 0x000000008a000000, 0x000000008a100000|  0%| F|  |TAMS 0x000000008a000000, 0x000000008a000000| Untracked 
| 161|0x000000008a100000, 0x000000008a100000, 0x000000008a200000|  0%| F|  |TAMS 0x000000008a100000, 0x000000008a100000| Untracked 
| 162|0x000000008a200000, 0x000000008a200000, 0x000000008a300000|  0%| F|  |TAMS 0x000000008a200000, 0x000000008a200000| Untracked 
| 163|0x000000008a300000, 0x000000008a300000, 0x000000008a400000|  0%| F|  |TAMS 0x000000008a300000, 0x000000008a300000| Untracked 
| 164|0x000000008a400000, 0x000000008a400000, 0x000000008a500000|  0%| F|  |TAMS 0x000000008a400000, 0x000000008a400000| Untracked 
| 165|0x000000008a500000, 0x000000008a500000, 0x000000008a600000|  0%| F|  |TAMS 0x000000008a500000, 0x000000008a500000| Untracked 
| 166|0x000000008a600000, 0x000000008a600000, 0x000000008a700000|  0%| F|  |TAMS 0x000000008a600000, 0x000000008a600000| Untracked 
| 167|0x000000008a700000, 0x000000008a700000, 0x000000008a800000|  0%| F|  |TAMS 0x000000008a700000, 0x000000008a700000| Untracked 
| 168|0x000000008a800000, 0x000000008a800000, 0x000000008a900000|  0%| F|  |TAMS 0x000000008a800000, 0x000000008a800000| Untracked 
| 169|0x000000008a900000, 0x000000008a9a4480, 0x000000008aa00000| 64%| S|CS|TAMS 0x000000008a900000, 0x000000008a900000| Complete 
| 170|0x000000008aa00000, 0x000000008ab00000, 0x000000008ab00000|100%| S|CS|TAMS 0x000000008aa00000, 0x000000008aa00000| Complete 
| 171|0x000000008ab00000, 0x000000008ac00000, 0x000000008ac00000|100%| S|CS|TAMS 0x000000008ab00000, 0x000000008ab00000| Complete 
| 172|0x000000008ac00000, 0x000000008ad00000, 0x000000008ad00000|100%| S|CS|TAMS 0x000000008ac00000, 0x000000008ac00000| Complete 
| 173|0x000000008ad00000, 0x000000008ae00000, 0x000000008ae00000|100%| S|CS|TAMS 0x000000008ad00000, 0x000000008ad00000| Complete 
| 174|0x000000008ae00000, 0x000000008ae00000, 0x000000008af00000|  0%| F|  |TAMS 0x000000008ae00000, 0x000000008ae00000| Untracked 
| 175|0x000000008af00000, 0x000000008af00000, 0x000000008b000000|  0%| F|  |TAMS 0x000000008af00000, 0x000000008af00000| Untracked 
| 176|0x000000008b000000, 0x000000008b100000, 0x000000008b100000|100%| S|CS|TAMS 0x000000008b000000, 0x000000008b000000| Complete 
| 177|0x000000008b100000, 0x000000008b100000, 0x000000008b200000|  0%| F|  |TAMS 0x000000008b100000, 0x000000008b100000| Untracked 
| 178|0x000000008b200000, 0x000000008b200000, 0x000000008b300000|  0%| F|  |TAMS 0x000000008b200000, 0x000000008b200000| Untracked 
| 179|0x000000008b300000, 0x000000008b300000, 0x000000008b400000|  0%| F|  |TAMS 0x000000008b300000, 0x000000008b300000| Untracked 
| 180|0x000000008b400000, 0x000000008b400000, 0x000000008b500000|  0%| F|  |TAMS 0x000000008b400000, 0x000000008b400000| Untracked 
| 181|0x000000008b500000, 0x000000008b600000, 0x000000008b600000|100%| S|CS|TAMS 0x000000008b500000, 0x000000008b500000| Complete 
| 182|0x000000008b600000, 0x000000008b700000, 0x000000008b700000|100%| S|CS|TAMS 0x000000008b600000, 0x000000008b600000| Complete 
| 183|0x000000008b700000, 0x000000008b700000, 0x000000008b800000|  0%| F|  |TAMS 0x000000008b700000, 0x000000008b700000| Untracked 
| 184|0x000000008b800000, 0x000000008b800000, 0x000000008b900000|  0%| F|  |TAMS 0x000000008b800000, 0x000000008b800000| Untracked 
| 185|0x000000008b900000, 0x000000008b900000, 0x000000008ba00000|  0%| F|  |TAMS 0x000000008b900000, 0x000000008b900000| Untracked 
| 186|0x000000008ba00000, 0x000000008ba00000, 0x000000008bb00000|  0%| F|  |TAMS 0x000000008ba00000, 0x000000008ba00000| Untracked 
| 187|0x000000008bb00000, 0x000000008bb00000, 0x000000008bc00000|  0%| F|  |TAMS 0x000000008bb00000, 0x000000008bb00000| Untracked 
| 188|0x000000008bc00000, 0x000000008bc00000, 0x000000008bd00000|  0%| F|  |TAMS 0x000000008bc00000, 0x000000008bc00000| Untracked 
| 189|0x000000008bd00000, 0x000000008bd00000, 0x000000008be00000|  0%| F|  |TAMS 0x000000008bd00000, 0x000000008bd00000| Untracked 
| 190|0x000000008be00000, 0x000000008be00000, 0x000000008bf00000|  0%| F|  |TAMS 0x000000008be00000, 0x000000008be00000| Untracked 
| 191|0x000000008bf00000, 0x000000008bf00000, 0x000000008c000000|  0%| F|  |TAMS 0x000000008bf00000, 0x000000008bf00000| Untracked 
| 192|0x000000008c000000, 0x000000008c000000, 0x000000008c100000|  0%| F|  |TAMS 0x000000008c000000, 0x000000008c000000| Untracked 
| 193|0x000000008c100000, 0x000000008c100000, 0x000000008c200000|  0%| F|  |TAMS 0x000000008c100000, 0x000000008c100000| Untracked 
| 194|0x000000008c200000, 0x000000008c200000, 0x000000008c300000|  0%| F|  |TAMS 0x000000008c200000, 0x000000008c200000| Untracked 
| 195|0x000000008c300000, 0x000000008c300000, 0x000000008c400000|  0%| F|  |TAMS 0x000000008c300000, 0x000000008c300000| Untracked 
| 196|0x000000008c400000, 0x000000008c400000, 0x000000008c500000|  0%| F|  |TAMS 0x000000008c400000, 0x000000008c400000| Untracked 
| 197|0x000000008c500000, 0x000000008c500000, 0x000000008c600000|  0%| F|  |TAMS 0x000000008c500000, 0x000000008c500000| Untracked 
| 198|0x000000008c600000, 0x000000008c600000, 0x000000008c700000|  0%| F|  |TAMS 0x000000008c600000, 0x000000008c600000| Untracked 
| 199|0x000000008c700000, 0x000000008c700000, 0x000000008c800000|  0%| F|  |TAMS 0x000000008c700000, 0x000000008c700000| Untracked 
| 200|0x000000008c800000, 0x000000008c800000, 0x000000008c900000|  0%| F|  |TAMS 0x000000008c800000, 0x000000008c800000| Untracked 
| 201|0x000000008c900000, 0x000000008c900000, 0x000000008ca00000|  0%| F|  |TAMS 0x000000008c900000, 0x000000008c900000| Untracked 
| 202|0x000000008ca00000, 0x000000008ca00000, 0x000000008cb00000|  0%| F|  |TAMS 0x000000008ca00000, 0x000000008ca00000| Untracked 
| 203|0x000000008cb00000, 0x000000008cb00000, 0x000000008cc00000|  0%| F|  |TAMS 0x000000008cb00000, 0x000000008cb00000| Untracked 
| 204|0x000000008cc00000, 0x000000008cc00000, 0x000000008cd00000|  0%| F|  |TAMS 0x000000008cc00000, 0x000000008cc00000| Untracked 
| 205|0x000000008cd00000, 0x000000008cd00000, 0x000000008ce00000|  0%| F|  |TAMS 0x000000008cd00000, 0x000000008cd00000| Untracked 
| 206|0x000000008ce00000, 0x000000008ce00000, 0x000000008cf00000|  0%| F|  |TAMS 0x000000008ce00000, 0x000000008ce00000| Untracked 
| 207|0x000000008cf00000, 0x000000008cf00000, 0x000000008d000000|  0%| F|  |TAMS 0x000000008cf00000, 0x000000008cf00000| Untracked 
| 208|0x000000008d000000, 0x000000008d000000, 0x000000008d100000|  0%| F|  |TAMS 0x000000008d000000, 0x000000008d000000| Untracked 
| 209|0x000000008d100000, 0x000000008d100000, 0x000000008d200000|  0%| F|  |TAMS 0x000000008d100000, 0x000000008d100000| Untracked 
| 210|0x000000008d200000, 0x000000008d200000, 0x000000008d300000|  0%| F|  |TAMS 0x000000008d200000, 0x000000008d200000| Untracked 
| 211|0x000000008d300000, 0x000000008d300000, 0x000000008d400000|  0%| F|  |TAMS 0x000000008d300000, 0x000000008d300000| Untracked 
| 212|0x000000008d400000, 0x000000008d400000, 0x000000008d500000|  0%| F|  |TAMS 0x000000008d400000, 0x000000008d400000| Untracked 
| 213|0x000000008d500000, 0x000000008d500000, 0x000000008d600000|  0%| F|  |TAMS 0x000000008d500000, 0x000000008d500000| Untracked 
| 214|0x000000008d600000, 0x000000008d600000, 0x000000008d700000|  0%| F|  |TAMS 0x000000008d600000, 0x000000008d600000| Untracked 
| 215|0x000000008d700000, 0x000000008d700000, 0x000000008d800000|  0%| F|  |TAMS 0x000000008d700000, 0x000000008d700000| Untracked 
| 216|0x000000008d800000, 0x000000008d800000, 0x000000008d900000|  0%| F|  |TAMS 0x000000008d800000, 0x000000008d800000| Untracked 
| 217|0x000000008d900000, 0x000000008d900000, 0x000000008da00000|  0%| F|  |TAMS 0x000000008d900000, 0x000000008d900000| Untracked 
| 218|0x000000008da00000, 0x000000008da00000, 0x000000008db00000|  0%| F|  |TAMS 0x000000008da00000, 0x000000008da00000| Untracked 
| 219|0x000000008db00000, 0x000000008db00000, 0x000000008dc00000|  0%| F|  |TAMS 0x000000008db00000, 0x000000008db00000| Untracked 
| 220|0x000000008dc00000, 0x000000008dc00000, 0x000000008dd00000|  0%| F|  |TAMS 0x000000008dc00000, 0x000000008dc00000| Untracked 
| 221|0x000000008dd00000, 0x000000008dd00000, 0x000000008de00000|  0%| F|  |TAMS 0x000000008dd00000, 0x000000008dd00000| Untracked 
| 222|0x000000008de00000, 0x000000008de00000, 0x000000008df00000|  0%| F|  |TAMS 0x000000008de00000, 0x000000008de00000| Untracked 
| 223|0x000000008df00000, 0x000000008df00000, 0x000000008e000000|  0%| F|  |TAMS 0x000000008df00000, 0x000000008df00000| Untracked 
| 224|0x000000008e000000, 0x000000008e000000, 0x000000008e100000|  0%| F|  |TAMS 0x000000008e000000, 0x000000008e000000| Untracked 
| 225|0x000000008e100000, 0x000000008e100000, 0x000000008e200000|  0%| F|  |TAMS 0x000000008e100000, 0x000000008e100000| Untracked 
| 226|0x000000008e200000, 0x000000008e200000, 0x000000008e300000|  0%| F|  |TAMS 0x000000008e200000, 0x000000008e200000| Untracked 
| 227|0x000000008e300000, 0x000000008e300000, 0x000000008e400000|  0%| F|  |TAMS 0x000000008e300000, 0x000000008e300000| Untracked 
| 228|0x000000008e400000, 0x000000008e400000, 0x000000008e500000|  0%| F|  |TAMS 0x000000008e400000, 0x000000008e400000| Untracked 
| 229|0x000000008e500000, 0x000000008e500000, 0x000000008e600000|  0%| F|  |TAMS 0x000000008e500000, 0x000000008e500000| Untracked 
| 230|0x000000008e600000, 0x000000008e600000, 0x000000008e700000|  0%| F|  |TAMS 0x000000008e600000, 0x000000008e600000| Untracked 
| 231|0x000000008e700000, 0x000000008e700000, 0x000000008e800000|  0%| F|  |TAMS 0x000000008e700000, 0x000000008e700000| Untracked 
| 232|0x000000008e800000, 0x000000008e800000, 0x000000008e900000|  0%| F|  |TAMS 0x000000008e800000, 0x000000008e800000| Untracked 
| 233|0x000000008e900000, 0x000000008e900000, 0x000000008ea00000|  0%| F|  |TAMS 0x000000008e900000, 0x000000008e900000| Untracked 
| 234|0x000000008ea00000, 0x000000008ea00000, 0x000000008eb00000|  0%| F|  |TAMS 0x000000008ea00000, 0x000000008ea00000| Untracked 
| 235|0x000000008eb00000, 0x000000008eb00000, 0x000000008ec00000|  0%| F|  |TAMS 0x000000008eb00000, 0x000000008eb00000| Untracked 
| 236|0x000000008ec00000, 0x000000008ec00000, 0x000000008ed00000|  0%| F|  |TAMS 0x000000008ec00000, 0x000000008ec00000| Untracked 
| 237|0x000000008ed00000, 0x000000008ed00000, 0x000000008ee00000|  0%| F|  |TAMS 0x000000008ed00000, 0x000000008ed00000| Untracked 
| 238|0x000000008ee00000, 0x000000008ee00000, 0x000000008ef00000|  0%| F|  |TAMS 0x000000008ee00000, 0x000000008ee00000| Untracked 
| 239|0x000000008ef00000, 0x000000008ef00000, 0x000000008f000000|  0%| F|  |TAMS 0x000000008ef00000, 0x000000008ef00000| Untracked 
| 240|0x000000008f000000, 0x000000008f000000, 0x000000008f100000|  0%| F|  |TAMS 0x000000008f000000, 0x000000008f000000| Untracked 
| 241|0x000000008f100000, 0x000000008f100000, 0x000000008f200000|  0%| F|  |TAMS 0x000000008f100000, 0x000000008f100000| Untracked 
| 242|0x000000008f200000, 0x000000008f200000, 0x000000008f300000|  0%| F|  |TAMS 0x000000008f200000, 0x000000008f200000| Untracked 
| 243|0x000000008f300000, 0x000000008f300000, 0x000000008f400000|  0%| F|  |TAMS 0x000000008f300000, 0x000000008f300000| Untracked 
| 244|0x000000008f400000, 0x000000008f400000, 0x000000008f500000|  0%| F|  |TAMS 0x000000008f400000, 0x000000008f400000| Untracked 
| 245|0x000000008f500000, 0x000000008f500000, 0x000000008f600000|  0%| F|  |TAMS 0x000000008f500000, 0x000000008f500000| Untracked 
| 246|0x000000008f600000, 0x000000008f600000, 0x000000008f700000|  0%| F|  |TAMS 0x000000008f600000, 0x000000008f600000| Untracked 
| 247|0x000000008f700000, 0x000000008f700000, 0x000000008f800000|  0%| F|  |TAMS 0x000000008f700000, 0x000000008f700000| Untracked 
| 248|0x000000008f800000, 0x000000008f800000, 0x000000008f900000|  0%| F|  |TAMS 0x000000008f800000, 0x000000008f800000| Untracked 
| 249|0x000000008f900000, 0x000000008f900000, 0x000000008fa00000|  0%| F|  |TAMS 0x000000008f900000, 0x000000008f900000| Untracked 
| 250|0x000000008fa00000, 0x000000008fa00000, 0x000000008fb00000|  0%| F|  |TAMS 0x000000008fa00000, 0x000000008fa00000| Untracked 
| 251|0x000000008fb00000, 0x000000008fb00000, 0x000000008fc00000|  0%| F|  |TAMS 0x000000008fb00000, 0x000000008fb00000| Untracked 
| 252|0x000000008fc00000, 0x000000008fc00000, 0x000000008fd00000|  0%| F|  |TAMS 0x000000008fc00000, 0x000000008fc00000| Untracked 
| 253|0x000000008fd00000, 0x000000008fd00000, 0x000000008fe00000|  0%| F|  |TAMS 0x000000008fd00000, 0x000000008fd00000| Untracked 
| 254|0x000000008fe00000, 0x000000008fe00000, 0x000000008ff00000|  0%| F|  |TAMS 0x000000008fe00000, 0x000000008fe00000| Untracked 
| 255|0x000000008ff00000, 0x000000008ff00000, 0x0000000090000000|  0%| F|  |TAMS 0x000000008ff00000, 0x000000008ff00000| Untracked 
| 256|0x0000000090000000, 0x0000000090000000, 0x0000000090100000|  0%| F|  |TAMS 0x0000000090000000, 0x0000000090000000| Untracked 
| 257|0x0000000090100000, 0x0000000090100000, 0x0000000090200000|  0%| F|  |TAMS 0x0000000090100000, 0x0000000090100000| Untracked 
| 258|0x0000000090200000, 0x0000000090200000, 0x0000000090300000|  0%| F|  |TAMS 0x0000000090200000, 0x0000000090200000| Untracked 
| 259|0x0000000090300000, 0x0000000090300000, 0x0000000090400000|  0%| F|  |TAMS 0x0000000090300000, 0x0000000090300000| Untracked 
| 260|0x0000000090400000, 0x0000000090400000, 0x0000000090500000|  0%| F|  |TAMS 0x0000000090400000, 0x0000000090400000| Untracked 
| 261|0x0000000090500000, 0x0000000090500000, 0x0000000090600000|  0%| F|  |TAMS 0x0000000090500000, 0x0000000090500000| Untracked 
| 262|0x0000000090600000, 0x0000000090600000, 0x0000000090700000|  0%| F|  |TAMS 0x0000000090600000, 0x0000000090600000| Untracked 
| 263|0x0000000090700000, 0x0000000090700000, 0x0000000090800000|  0%| F|  |TAMS 0x0000000090700000, 0x0000000090700000| Untracked 
| 264|0x0000000090800000, 0x0000000090800000, 0x0000000090900000|  0%| F|  |TAMS 0x0000000090800000, 0x0000000090800000| Untracked 
| 265|0x0000000090900000, 0x0000000090900000, 0x0000000090a00000|  0%| F|  |TAMS 0x0000000090900000, 0x0000000090900000| Untracked 
| 266|0x0000000090a00000, 0x0000000090a00000, 0x0000000090b00000|  0%| F|  |TAMS 0x0000000090a00000, 0x0000000090a00000| Untracked 
| 267|0x0000000090b00000, 0x0000000090b00000, 0x0000000090c00000|  0%| F|  |TAMS 0x0000000090b00000, 0x0000000090b00000| Untracked 
| 268|0x0000000090c00000, 0x0000000090c00000, 0x0000000090d00000|  0%| F|  |TAMS 0x0000000090c00000, 0x0000000090c00000| Untracked 
| 269|0x0000000090d00000, 0x0000000090d00000, 0x0000000090e00000|  0%| F|  |TAMS 0x0000000090d00000, 0x0000000090d00000| Untracked 
| 270|0x0000000090e00000, 0x0000000090e00000, 0x0000000090f00000|  0%| F|  |TAMS 0x0000000090e00000, 0x0000000090e00000| Untracked 
| 271|0x0000000090f00000, 0x0000000090f00000, 0x0000000091000000|  0%| F|  |TAMS 0x0000000090f00000, 0x0000000090f00000| Untracked 
| 272|0x0000000091000000, 0x0000000091000000, 0x0000000091100000|  0%| F|  |TAMS 0x0000000091000000, 0x0000000091000000| Untracked 
| 273|0x0000000091100000, 0x0000000091100000, 0x0000000091200000|  0%| F|  |TAMS 0x0000000091100000, 0x0000000091100000| Untracked 
| 274|0x0000000091200000, 0x0000000091200000, 0x0000000091300000|  0%| F|  |TAMS 0x0000000091200000, 0x0000000091200000| Untracked 
| 275|0x0000000091300000, 0x0000000091300000, 0x0000000091400000|  0%| F|  |TAMS 0x0000000091300000, 0x0000000091300000| Untracked 
| 276|0x0000000091400000, 0x0000000091400000, 0x0000000091500000|  0%| F|  |TAMS 0x0000000091400000, 0x0000000091400000| Untracked 
| 277|0x0000000091500000, 0x0000000091500000, 0x0000000091600000|  0%| F|  |TAMS 0x0000000091500000, 0x0000000091500000| Untracked 
| 278|0x0000000091600000, 0x0000000091600000, 0x0000000091700000|  0%| F|  |TAMS 0x0000000091600000, 0x0000000091600000| Untracked 
| 279|0x0000000091700000, 0x0000000091700000, 0x0000000091800000|  0%| F|  |TAMS 0x0000000091700000, 0x0000000091700000| Untracked 
| 280|0x0000000091800000, 0x0000000091800000, 0x0000000091900000|  0%| F|  |TAMS 0x0000000091800000, 0x0000000091800000| Untracked 
| 281|0x0000000091900000, 0x0000000091900000, 0x0000000091a00000|  0%| F|  |TAMS 0x0000000091900000, 0x0000000091900000| Untracked 
| 282|0x0000000091a00000, 0x0000000091a00000, 0x0000000091b00000|  0%| F|  |TAMS 0x0000000091a00000, 0x0000000091a00000| Untracked 
| 283|0x0000000091b00000, 0x0000000091b00000, 0x0000000091c00000|  0%| F|  |TAMS 0x0000000091b00000, 0x0000000091b00000| Untracked 
| 284|0x0000000091c00000, 0x0000000091c00000, 0x0000000091d00000|  0%| F|  |TAMS 0x0000000091c00000, 0x0000000091c00000| Untracked 
| 285|0x0000000091d00000, 0x0000000091d00000, 0x0000000091e00000|  0%| F|  |TAMS 0x0000000091d00000, 0x0000000091d00000| Untracked 
| 286|0x0000000091e00000, 0x0000000091e00000, 0x0000000091f00000|  0%| F|  |TAMS 0x0000000091e00000, 0x0000000091e00000| Untracked 
| 287|0x0000000091f00000, 0x0000000091f00000, 0x0000000092000000|  0%| F|  |TAMS 0x0000000091f00000, 0x0000000091f00000| Untracked 
| 288|0x0000000092000000, 0x0000000092000000, 0x0000000092100000|  0%| F|  |TAMS 0x0000000092000000, 0x0000000092000000| Untracked 
| 289|0x0000000092100000, 0x0000000092100000, 0x0000000092200000|  0%| F|  |TAMS 0x0000000092100000, 0x0000000092100000| Untracked 
| 290|0x0000000092200000, 0x0000000092200000, 0x0000000092300000|  0%| F|  |TAMS 0x0000000092200000, 0x0000000092200000| Untracked 
| 291|0x0000000092300000, 0x0000000092300000, 0x0000000092400000|  0%| F|  |TAMS 0x0000000092300000, 0x0000000092300000| Untracked 
| 292|0x0000000092400000, 0x0000000092400000, 0x0000000092500000|  0%| F|  |TAMS 0x0000000092400000, 0x0000000092400000| Untracked 
| 293|0x0000000092500000, 0x0000000092500000, 0x0000000092600000|  0%| F|  |TAMS 0x0000000092500000, 0x0000000092500000| Untracked 
| 294|0x0000000092600000, 0x0000000092600000, 0x0000000092700000|  0%| F|  |TAMS 0x0000000092600000, 0x0000000092600000| Untracked 
| 295|0x0000000092700000, 0x0000000092700000, 0x0000000092800000|  0%| F|  |TAMS 0x0000000092700000, 0x0000000092700000| Untracked 
| 296|0x0000000092800000, 0x0000000092800000, 0x0000000092900000|  0%| F|  |TAMS 0x0000000092800000, 0x0000000092800000| Untracked 
| 297|0x0000000092900000, 0x0000000092900000, 0x0000000092a00000|  0%| F|  |TAMS 0x0000000092900000, 0x0000000092900000| Untracked 
| 298|0x0000000092a00000, 0x0000000092a00000, 0x0000000092b00000|  0%| F|  |TAMS 0x0000000092a00000, 0x0000000092a00000| Untracked 
| 299|0x0000000092b00000, 0x0000000092b00000, 0x0000000092c00000|  0%| F|  |TAMS 0x0000000092b00000, 0x0000000092b00000| Untracked 
| 300|0x0000000092c00000, 0x0000000092c00000, 0x0000000092d00000|  0%| F|  |TAMS 0x0000000092c00000, 0x0000000092c00000| Untracked 
| 301|0x0000000092d00000, 0x0000000092d00000, 0x0000000092e00000|  0%| F|  |TAMS 0x0000000092d00000, 0x0000000092d00000| Untracked 
| 302|0x0000000092e00000, 0x0000000092e00000, 0x0000000092f00000|  0%| F|  |TAMS 0x0000000092e00000, 0x0000000092e00000| Untracked 
| 303|0x0000000092f00000, 0x0000000092f00000, 0x0000000093000000|  0%| F|  |TAMS 0x0000000092f00000, 0x0000000092f00000| Untracked 
| 304|0x0000000093000000, 0x0000000093000000, 0x0000000093100000|  0%| F|  |TAMS 0x0000000093000000, 0x0000000093000000| Untracked 
| 305|0x0000000093100000, 0x0000000093100000, 0x0000000093200000|  0%| F|  |TAMS 0x0000000093100000, 0x0000000093100000| Untracked 
| 306|0x0000000093200000, 0x0000000093200000, 0x0000000093300000|  0%| F|  |TAMS 0x0000000093200000, 0x0000000093200000| Untracked 
| 307|0x0000000093300000, 0x0000000093300000, 0x0000000093400000|  0%| F|  |TAMS 0x0000000093300000, 0x0000000093300000| Untracked 
| 308|0x0000000093400000, 0x0000000093400000, 0x0000000093500000|  0%| F|  |TAMS 0x0000000093400000, 0x0000000093400000| Untracked 
| 309|0x0000000093500000, 0x0000000093500000, 0x0000000093600000|  0%| F|  |TAMS 0x0000000093500000, 0x0000000093500000| Untracked 

Card table byte_map: [0x000002059fcc0000,0x00000205a00c0000] _byte_map_base: 0x000002059f8c0000

Marking Bits (Prev, Next): (CMBitMap*) 0x000002058b654a40, (CMBitMap*) 0x000002058b654a00
 Prev Bits: [0x00000205a24c0000, 0x00000205a44c0000)
 Next Bits: [0x00000205a04c0000, 0x00000205a24c0000)

Polling page: 0x000002058b6c0000

Metaspace:

Usage:
  Non-class:    106.00 MB used.
      Class:     16.38 MB used.
       Both:    122.37 MB used.

Virtual space:
  Non-class space:      112.00 MB reserved,     106.38 MB ( 95%) committed,  14 nodes.
      Class space:        1.00 GB reserved,      16.75 MB (  2%) committed,  1 nodes.
             Both:        1.11 GB reserved,     123.12 MB ( 11%) committed. 

Chunk freelists:
   Non-Class:  1.58 MB
       Class:  3.10 MB
        Both:  4.68 MB

MaxMetaspaceSize: unlimited
CompressedClassSpaceSize: 1.00 GB
Initial GC threshold: 21.00 MB
Current GC threshold: 202.81 MB
CDS: off
MetaspaceReclaimPolicy: balanced
 - commit_granule_bytes: 65536.
 - commit_granule_words: 8192.
 - virtual_space_node_default_size: 1048576.
 - enlarge_chunks_in_place: 1.
 - new_chunks_are_fully_committed: 0.
 - uncommit_free_chunks: 1.
 - use_allocation_guard: 0.
 - handle_deallocations: 1.


Internal statistics:

num_allocs_failed_limit: 34.
num_arena_births: 1110.
num_arena_deaths: 16.
num_vsnodes_births: 15.
num_vsnodes_deaths: 0.
num_space_committed: 1969.
num_space_uncommitted: 0.
num_chunks_returned_to_freelist: 53.
num_chunks_taken_from_freelist: 5752.
num_chunk_merges: 37.
num_chunk_splits: 3938.
num_chunks_enlarged: 2773.
num_purges: 4.
num_inconsistent_stats: 0.

CodeHeap 'non-profiled nmethods': size=120000Kb used=7493Kb max_used=7611Kb free=112507Kb
 bounds [0x0000020597d60000, 0x00000205984e0000, 0x000002059f290000]
CodeHeap 'profiled nmethods': size=120000Kb used=36818Kb max_used=36818Kb free=83181Kb
 bounds [0x0000020590290000, 0x0000020592690000, 0x00000205977c0000]
CodeHeap 'non-nmethods': size=5760Kb used=2428Kb max_used=2504Kb free=3331Kb
 bounds [0x00000205977c0000, 0x0000020597a60000, 0x0000020597d60000]
 total_blobs=17916 nmethods=16949 adapters=878
 compilation: enabled
              stopped_count=0, restarted_count=0
 full_count=0

Compilation events (20 events):
Event: 41.974 Thread 0x00000205a7583b30 20228       2       com.android.tools.r8.ir.regalloc.b::a (289 bytes)
Event: 41.976 Thread 0x00000205a7583b30 nmethod 20228 0x000002059267e810 code [0x000002059267ea60, 0x000002059267f308]
Event: 42.007 Thread 0x00000205a7583b30 20230       3       com.android.tools.r8.internal.V7::d (280 bytes)
Event: 42.008 Thread 0x00000205a7583b30 nmethod 20230 0x000002059267f890 code [0x000002059267fc20, 0x00000205926813f8]
Event: 42.013 Thread 0x00000205a7583b30 20231       2       com.android.tools.r8.internal.vP::<init> (5 bytes)
Event: 42.013 Thread 0x00000205a7583b30 nmethod 20231 0x0000020592681b90 code [0x0000020592681d20, 0x0000020592681e18]
Event: 42.014 Thread 0x00000205a7583b30 20232       2       com.android.tools.r8.graph.F4::b (19 bytes)
Event: 42.014 Thread 0x00000205a7583b30 nmethod 20232 0x0000020592681e90 code [0x0000020592682020, 0x0000020592682168]
Event: 42.014 Thread 0x00000205a7583b30 20233       3       com.android.tools.r8.internal.rb::a (32 bytes)
Event: 42.014 Thread 0x00000205a7583b30 nmethod 20233 0x0000020592682290 code [0x0000020592682440, 0x0000020592682688]
Event: 42.033 Thread 0x00000205a7583b30 20234       2       com.android.tools.r8.internal.Yb::b (32 bytes)
Event: 42.033 Thread 0x00000205a7583b30 nmethod 20234 0x0000020592682810 code [0x00000205926829c0, 0x0000020592682b88]
Event: 42.058 Thread 0x00000205a7583b30 20236       2       com.android.tools.r8.ir.regalloc.b::a (223 bytes)
Event: 42.059 Thread 0x00000205a7583b30 nmethod 20236 0x0000020592682c90 code [0x0000020592682ee0, 0x00000205926837e8]
Event: 42.096 Thread 0x00000205a7583b30 20239       2       com.android.tools.r8.internal.M::iterator (6 bytes)
Event: 42.096 Thread 0x00000205a7583b30 nmethod 20239 0x0000020592683c90 code [0x0000020592683e40, 0x0000020592683ff8]
Event: 42.179 Thread 0x00000205a7583b30 20242       2       com.android.tools.r8.graph.p0$$Lambda$1891/0x000000010101f0e8::test (8 bytes)
Event: 42.179 Thread 0x00000205a7583b30 nmethod 20242 0x0000020592684110 code [0x00000205926842c0, 0x0000020592684488]
Event: 42.179 Thread 0x00000205a7583b30 20243       2       com.android.tools.r8.graph.p0::d (23 bytes)
Event: 42.179 Thread 0x00000205a7583b30 nmethod 20243 0x0000020592684590 code [0x0000020592684740, 0x00000205926848c8]

GC Heap History (20 events):
Event: 37.091 GC heap after
{Heap after GC invocations=48 (full 0):
 garbage-first heap   total 317440K, used 126976K [0x0000000080000000, 0x0000000100000000)
  region size 1024K, 1 young (1024K), 1 survivors (1024K)
 Metaspace       used 120926K, committed 121728K, reserved 1155072K
  class space    used 16253K, committed 16640K, reserved 1048576K
}
Event: 37.992 GC heap before
{Heap before GC invocations=48 (full 0):
 garbage-first heap   total 317440K, used 258048K [0x0000000080000000, 0x0000000100000000)
  region size 1024K, 130 young (133120K), 1 survivors (1024K)
 Metaspace       used 123718K, committed 124480K, reserved 1163264K
  class space    used 16624K, committed 16960K, reserved 1048576K
}
Event: 38.007 GC heap after
{Heap after GC invocations=49 (full 0):
 garbage-first heap   total 317440K, used 131850K [0x0000000080000000, 0x0000000100000000)
  region size 1024K, 6 young (6144K), 6 survivors (6144K)
 Metaspace       used 123718K, committed 124480K, reserved 1163264K
  class space    used 16624K, committed 16960K, reserved 1048576K
}
Event: 38.665 GC heap before
{Heap before GC invocations=50 (full 0):
 garbage-first heap   total 317440K, used 260874K [0x0000000080000000, 0x0000000100000000)
  region size 1024K, 132 young (135168K), 6 survivors (6144K)
 Metaspace       used 124052K, committed 124800K, reserved 1163264K
  class space    used 16640K, committed 17024K, reserved 1048576K
}
Event: 38.680 GC heap after
{Heap after GC invocations=51 (full 0):
 garbage-first heap   total 317440K, used 136856K [0x0000000080000000, 0x0000000100000000)
  region size 1024K, 11 young (11264K), 11 survivors (11264K)
 Metaspace       used 124052K, committed 124800K, reserved 1163264K
  class space    used 16640K, committed 17024K, reserved 1048576K
}
Event: 38.693 GC heap before
{Heap before GC invocations=51 (full 0):
 garbage-first heap   total 317440K, used 140952K [0x0000000080000000, 0x0000000100000000)
  region size 1024K, 15 young (15360K), 11 survivors (11264K)
 Metaspace       used 124052K, committed 124800K, reserved 1163264K
  class space    used 16640K, committed 17024K, reserved 1048576K
}
Event: 38.709 GC heap after
{Heap after GC invocations=52 (full 0):
 garbage-first heap   total 317440K, used 134328K [0x0000000080000000, 0x0000000100000000)
  region size 1024K, 1 young (1024K), 1 survivors (1024K)
 Metaspace       used 124052K, committed 124800K, reserved 1163264K
  class space    used 16640K, committed 17024K, reserved 1048576K
}
Event: 39.226 GC heap before
{Heap before GC invocations=52 (full 0):
 garbage-first heap   total 317440K, used 261304K [0x0000000080000000, 0x0000000100000000)
  region size 1024K, 125 young (128000K), 1 survivors (1024K)
 Metaspace       used 124582K, committed 125376K, reserved 1163264K
  class space    used 16723K, committed 17088K, reserved 1048576K
}
Event: 39.231 GC heap after
{Heap after GC invocations=53 (full 0):
 garbage-first heap   total 317440K, used 134440K [0x0000000080000000, 0x0000000100000000)
  region size 1024K, 2 young (2048K), 2 survivors (2048K)
 Metaspace       used 124582K, committed 125376K, reserved 1163264K
  class space    used 16723K, committed 17088K, reserved 1048576K
}
Event: 39.743 GC heap before
{Heap before GC invocations=53 (full 0):
 garbage-first heap   total 317440K, used 264488K [0x0000000080000000, 0x0000000100000000)
  region size 1024K, 129 young (132096K), 2 survivors (2048K)
 Metaspace       used 124824K, committed 125632K, reserved 1163264K
  class space    used 16729K, committed 17088K, reserved 1048576K
}
Event: 39.750 GC heap after
{Heap after GC invocations=54 (full 0):
 garbage-first heap   total 317440K, used 136683K [0x0000000080000000, 0x0000000100000000)
  region size 1024K, 4 young (4096K), 4 survivors (4096K)
 Metaspace       used 124824K, committed 125632K, reserved 1163264K
  class space    used 16729K, committed 17088K, reserved 1048576K
}
Event: 40.193 GC heap before
{Heap before GC invocations=54 (full 0):
 garbage-first heap   total 317440K, used 266731K [0x0000000080000000, 0x0000000100000000)
  region size 1024K, 131 young (134144K), 4 survivors (4096K)
 Metaspace       used 124887K, committed 125696K, reserved 1163264K
  class space    used 16735K, committed 17088K, reserved 1048576K
}
Event: 40.198 GC heap after
{Heap after GC invocations=55 (full 0):
 garbage-first heap   total 317440K, used 136088K [0x0000000080000000, 0x0000000100000000)
  region size 1024K, 3 young (3072K), 3 survivors (3072K)
 Metaspace       used 124887K, committed 125696K, reserved 1163264K
  class space    used 16735K, committed 17088K, reserved 1048576K
}
Event: 40.838 GC heap before
{Heap before GC invocations=55 (full 0):
 garbage-first heap   total 317440K, used 269208K [0x0000000080000000, 0x0000000100000000)
  region size 1024K, 133 young (136192K), 3 survivors (3072K)
 Metaspace       used 125060K, committed 125824K, reserved 1163264K
  class space    used 16750K, committed 17088K, reserved 1048576K
}
Event: 40.843 GC heap after
{Heap after GC invocations=56 (full 0):
 garbage-first heap   total 317440K, used 136217K [0x0000000080000000, 0x0000000100000000)
  region size 1024K, 3 young (3072K), 3 survivors (3072K)
 Metaspace       used 125060K, committed 125824K, reserved 1163264K
  class space    used 16750K, committed 17088K, reserved 1048576K
}
Event: 41.400 GC heap before
{Heap before GC invocations=56 (full 0):
 garbage-first heap   total 317440K, used 271385K [0x0000000080000000, 0x0000000100000000)
  region size 1024K, 135 young (138240K), 3 survivors (3072K)
 Metaspace       used 125232K, committed 126016K, reserved 1163264K
  class space    used 16758K, committed 17152K, reserved 1048576K
}
Event: 41.408 GC heap after
{Heap after GC invocations=57 (full 0):
 garbage-first heap   total 317440K, used 138690K [0x0000000080000000, 0x0000000100000000)
  region size 1024K, 6 young (6144K), 6 survivors (6144K)
 Metaspace       used 125232K, committed 126016K, reserved 1163264K
  class space    used 16758K, committed 17152K, reserved 1048576K
}
Event: 41.803 GC heap before
{Heap before GC invocations=57 (full 0):
 garbage-first heap   total 317440K, used 270786K [0x0000000080000000, 0x0000000100000000)
  region size 1024K, 135 young (138240K), 6 survivors (6144K)
 Metaspace       used 125296K, committed 126080K, reserved 1163264K
  class space    used 16767K, committed 17152K, reserved 1048576K
}
Event: 41.813 GC heap after
{Heap after GC invocations=58 (full 0):
 garbage-first heap   total 317440K, used 141154K [0x0000000080000000, 0x0000000100000000)
  region size 1024K, 8 young (8192K), 8 survivors (8192K)
 Metaspace       used 125296K, committed 126080K, reserved 1163264K
  class space    used 16767K, committed 17152K, reserved 1048576K
}
Event: 42.231 GC heap before
{Heap before GC invocations=58 (full 0):
 garbage-first heap   total 317440K, used 271202K [0x0000000080000000, 0x0000000100000000)
  region size 1024K, 135 young (138240K), 8 survivors (8192K)
 Metaspace       used 125308K, committed 126080K, reserved 1163264K
  class space    used 16769K, committed 17152K, reserved 1048576K
}

Dll operation events (2 events):
Event: 0.007 Loaded shared library D:\AndroidStudio\jbr\bin\java.dll
Event: 0.837 Loaded shared library D:\AndroidStudio\jbr\bin\verify.dll

Deoptimization events (20 events):
Event: 41.878 Thread 0x00000205adae11a0 Uncommon trap: trap_request=0xffffff45 fr.pc=0x00000205984d4ec8 relative=0x00000000000059e8
Event: 41.878 Thread 0x00000205adae11a0 Uncommon trap: reason=unstable_if action=reinterpret pc=0x00000205984d4ec8 method=com.android.tools.r8.internal.V7.a(Lcom/android/tools/r8/internal/fk;IZ)V @ 3 c2
Event: 41.878 Thread 0x00000205adae11a0 DEOPT PACKING pc=0x00000205984d4ec8 sp=0x0000005de22f9f40
Event: 41.878 Thread 0x00000205adae11a0 DEOPT UNPACKING pc=0x00000205978169a3 sp=0x0000005de22f9f38 mode 2
Event: 42.058 Thread 0x00000205ad7b3e70 Uncommon trap: trap_request=0xffffffde fr.pc=0x0000020598460380 relative=0x0000000000000900
Event: 42.058 Thread 0x00000205ad7b3e70 Uncommon trap: reason=class_check action=maybe_recompile pc=0x0000020598460380 method=com.android.tools.r8.ir.regalloc.b.a(Lcom/android/tools/r8/internal/Rm;Lcom/android/tools/r8/ir/regalloc/a;)Z @ 134 c2
Event: 42.058 Thread 0x00000205ad7b3e70 DEOPT PACKING pc=0x0000020598460380 sp=0x0000005de2bf6450
Event: 42.058 Thread 0x00000205ad7b3e70 DEOPT UNPACKING pc=0x00000205978169a3 sp=0x0000005de2bf63e8 mode 2
Event: 42.058 Thread 0x00000205ad7b3e70 Uncommon trap: trap_request=0xffffffde fr.pc=0x0000020598460380 relative=0x0000000000000900
Event: 42.058 Thread 0x00000205ad7b3e70 Uncommon trap: reason=class_check action=maybe_recompile pc=0x0000020598460380 method=com.android.tools.r8.ir.regalloc.b.a(Lcom/android/tools/r8/internal/Rm;Lcom/android/tools/r8/ir/regalloc/a;)Z @ 134 c2
Event: 42.058 Thread 0x00000205ad7b3e70 DEOPT PACKING pc=0x0000020598460380 sp=0x0000005de2bf6450
Event: 42.058 Thread 0x00000205ad7b3e70 DEOPT UNPACKING pc=0x00000205978169a3 sp=0x0000005de2bf63e8 mode 2
Event: 42.058 Thread 0x00000205ad7b3e70 Uncommon trap: trap_request=0xffffffde fr.pc=0x0000020598460380 relative=0x0000000000000900
Event: 42.058 Thread 0x00000205ad7b3e70 Uncommon trap: reason=class_check action=maybe_recompile pc=0x0000020598460380 method=com.android.tools.r8.ir.regalloc.b.a(Lcom/android/tools/r8/internal/Rm;Lcom/android/tools/r8/ir/regalloc/a;)Z @ 134 c2
Event: 42.058 Thread 0x00000205ad7b3e70 DEOPT PACKING pc=0x0000020598460380 sp=0x0000005de2bf6450
Event: 42.058 Thread 0x00000205ad7b3e70 DEOPT UNPACKING pc=0x00000205978169a3 sp=0x0000005de2bf63e8 mode 2
Event: 42.061 Thread 0x00000205ad7b3e70 Uncommon trap: trap_request=0xffffff6e fr.pc=0x0000020598135a2c relative=0x000000000000658c
Event: 42.061 Thread 0x00000205ad7b3e70 Uncommon trap: reason=loop_limit_check action=maybe_recompile pc=0x0000020598135a2c method=com.android.tools.r8.internal.Xp.k(I)Z @ 10 c2
Event: 42.061 Thread 0x00000205ad7b3e70 DEOPT PACKING pc=0x0000020598135a2c sp=0x0000005de2bf6830
Event: 42.061 Thread 0x00000205ad7b3e70 DEOPT UNPACKING pc=0x00000205978169a3 sp=0x0000005de2bf67a8 mode 2

Classes unloaded (8 events):
Event: 35.754 Thread 0x00000205a6b13d70 Unloading class 0x0000000100d18c00 'java/lang/invoke/LambdaForm$DMH+0x0000000100d18c00'
Event: 35.754 Thread 0x00000205a6b13d70 Unloading class 0x0000000100d18800 'java/lang/invoke/LambdaForm$DMH+0x0000000100d18800'
Event: 35.754 Thread 0x00000205a6b13d70 Unloading class 0x0000000100d18400 'java/lang/invoke/LambdaForm$DMH+0x0000000100d18400'
Event: 38.270 Thread 0x00000205a6b13d70 Unloading class 0x0000000100fe0400 'java/lang/invoke/LambdaForm$DMH+0x0000000100fe0400'
Event: 38.270 Thread 0x00000205a6b13d70 Unloading class 0x0000000100f2c400 'java/lang/invoke/LambdaForm$DMH+0x0000000100f2c400'
Event: 38.270 Thread 0x00000205a6b13d70 Unloading class 0x0000000100f2c800 'java/lang/invoke/LambdaForm$DMH+0x0000000100f2c800'
Event: 38.270 Thread 0x00000205a6b13d70 Unloading class 0x0000000100e28400 'java/lang/invoke/LambdaForm$DMH+0x0000000100e28400'
Event: 38.270 Thread 0x00000205a6b13d70 Unloading class 0x0000000100e28c00 'java/lang/invoke/LambdaForm$DMH+0x0000000100e28c00'

Classes redefined (0 events):
No events

Internal exceptions (20 events):
Event: 40.962 Thread 0x00000205adadfe60 Exception <a 'sun/nio/fs/WindowsException'{0x0000000091acb588}> (0x0000000091acb588) 
thrown [s\src\hotspot\share\prims\jni.cpp, line 517]
Event: 40.965 Thread 0x00000205adadfe60 Exception <a 'sun/nio/fs/WindowsException'{0x0000000091301fc8}> (0x0000000091301fc8) 
thrown [s\src\hotspot\share\prims\jni.cpp, line 517]
Event: 40.983 Thread 0x00000205ad7b3e70 Exception <a 'sun/nio/fs/WindowsException'{0x00000000910d3eb8}> (0x00000000910d3eb8) 
thrown [s\src\hotspot\share\prims\jni.cpp, line 517]
Event: 41.018 Thread 0x00000205ad7b3e70 Exception <a 'sun/nio/fs/WindowsException'{0x0000000090ab32d0}> (0x0000000090ab32d0) 
thrown [s\src\hotspot\share\prims\jni.cpp, line 517]
Event: 41.018 Thread 0x00000205ad7b3e70 Exception <a 'sun/nio/fs/WindowsException'{0x0000000090ab36f0}> (0x0000000090ab36f0) 
thrown [s\src\hotspot\share\prims\jni.cpp, line 517]
Event: 41.034 Thread 0x00000205ad7b3e70 Exception <a 'sun/nio/fs/WindowsException'{0x00000000906d3fa0}> (0x00000000906d3fa0) 
thrown [s\src\hotspot\share\prims\jni.cpp, line 517]
Event: 41.067 Thread 0x00000205adadfe60 Exception <a 'sun/nio/fs/WindowsException'{0x000000008fe17bc8}> (0x000000008fe17bc8) 
thrown [s\src\hotspot\share\prims\jni.cpp, line 517]
Event: 41.206 Thread 0x00000205ad7b3e70 Exception <a 'sun/nio/fs/WindowsException'{0x000000008de92e18}> (0x000000008de92e18) 
thrown [s\src\hotspot\share\prims\jni.cpp, line 517]
Event: 41.237 Thread 0x00000205adadfe60 Exception <a 'sun/nio/fs/WindowsException'{0x000000008fe545f0}> (0x000000008fe545f0) 
thrown [s\src\hotspot\share\prims\jni.cpp, line 517]
Event: 41.237 Thread 0x00000205adadfe60 Exception <a 'sun/nio/fs/WindowsException'{0x000000008fe549d0}> (0x000000008fe549d0) 
thrown [s\src\hotspot\share\prims\jni.cpp, line 517]
Event: 41.247 Thread 0x00000205adadfe60 Exception <a 'sun/nio/fs/WindowsException'{0x000000008d593448}> (0x000000008d593448) 
thrown [s\src\hotspot\share\prims\jni.cpp, line 517]
Event: 41.259 Thread 0x00000205ad7b3e70 Exception <a 'sun/nio/fs/WindowsException'{0x000000008dee7960}> (0x000000008dee7960) 
thrown [s\src\hotspot\share\prims\jni.cpp, line 517]
Event: 41.259 Thread 0x00000205ad7b3e70 Exception <a 'sun/nio/fs/WindowsException'{0x000000008dee7dc0}> (0x000000008dee7dc0) 
thrown [s\src\hotspot\share\prims\jni.cpp, line 517]
Event: 41.273 Thread 0x00000205ad7b3e70 Exception <a 'sun/nio/fs/WindowsException'{0x000000008d0e6600}> (0x000000008d0e6600) 
thrown [s\src\hotspot\share\prims\jni.cpp, line 517]
Event: 41.484 Thread 0x00000205ad7b3e70 Exception <a 'java/lang/NoSuchMethodError'{0x0000000091e0e378}: 'java.lang.Object java.lang.invoke.DirectMethodHandle$Holder.newInvokeSpecial(java.lang.Object, int, java.lang.Object, java.lang.Object)'> (0x0000000091e0e378) 
thrown [s\src\hotspot\share\interpreter\linkResolver.cpp, line 771]
Event: 41.484 Thread 0x00000205ad7b3e70 Exception <a 'java/lang/NoSuchMethodError'{0x0000000091e133c8}: 'java.lang.Object java.lang.invoke.DirectMethodHandle$Holder.invokeSpecial(java.lang.Object, java.lang.Object, int, java.lang.Object, java.lang.Object)'> (0x0000000091e133c8) 
thrown [s\src\hotspot\share\interpreter\linkResolver.cpp, line 771]
Event: 41.499 Thread 0x00000205ad7b3e70 Exception <a 'sun/nio/fs/WindowsException'{0x000000009194c1b0}> (0x000000009194c1b0) 
thrown [s\src\hotspot\share\prims\jni.cpp, line 517]
Event: 41.528 Thread 0x00000205ad7b3e70 Exception <a 'sun/nio/fs/WindowsException'{0x0000000091498830}> (0x0000000091498830) 
thrown [s\src\hotspot\share\prims\jni.cpp, line 517]
Event: 41.528 Thread 0x00000205ad7b3e70 Exception <a 'sun/nio/fs/WindowsException'{0x0000000091498c18}> (0x0000000091498c18) 
thrown [s\src\hotspot\share\prims\jni.cpp, line 517]
Event: 41.538 Thread 0x00000205ad7b3e70 Exception <a 'sun/nio/fs/WindowsException'{0x0000000090f6c790}> (0x0000000090f6c790) 
thrown [s\src\hotspot\share\prims\jni.cpp, line 517]

VM Operations (20 events):
Event: 39.231 Executing VM operation: G1CollectForAllocation done
Event: 39.517 Executing VM operation: ICBufferFull
Event: 39.517 Executing VM operation: ICBufferFull done
Event: 39.743 Executing VM operation: G1CollectForAllocation
Event: 39.750 Executing VM operation: G1CollectForAllocation done
Event: 40.193 Executing VM operation: G1CollectForAllocation
Event: 40.198 Executing VM operation: G1CollectForAllocation done
Event: 40.743 Executing VM operation: ICBufferFull
Event: 40.743 Executing VM operation: ICBufferFull done
Event: 40.838 Executing VM operation: G1CollectForAllocation
Event: 40.844 Executing VM operation: G1CollectForAllocation done
Event: 40.941 Executing VM operation: HandshakeAllThreads
Event: 40.941 Executing VM operation: HandshakeAllThreads done
Event: 41.400 Executing VM operation: G1CollectForAllocation
Event: 41.411 Executing VM operation: G1CollectForAllocation done
Event: 41.785 Executing VM operation: HandshakeAllThreads
Event: 41.792 Executing VM operation: HandshakeAllThreads done
Event: 41.802 Executing VM operation: G1CollectForAllocation
Event: 41.813 Executing VM operation: G1CollectForAllocation done
Event: 42.217 Executing VM operation: G1CollectForAllocation

Events (20 events):
Event: 38.584 Thread 0x00000205a7585fb0 flushing nmethod 0x0000020591fd8490
Event: 38.584 Thread 0x00000205a7585fb0 flushing nmethod 0x0000020591fd9810
Event: 38.584 Thread 0x00000205a7585fb0 flushing nmethod 0x0000020592003e10
Event: 38.584 Thread 0x00000205a7585fb0 flushing nmethod 0x0000020592026210
Event: 38.584 Thread 0x00000205a7585fb0 flushing nmethod 0x000002059202f790
Event: 38.584 Thread 0x00000205a7585fb0 flushing nmethod 0x0000020592033c10
Event: 38.585 Thread 0x00000205a7585fb0 flushing nmethod 0x0000020592085190
Event: 38.585 Thread 0x00000205a7585fb0 flushing nmethod 0x000002059208d690
Event: 38.585 Thread 0x00000205a7585fb0 flushing nmethod 0x00000205920be690
Event: 38.585 Thread 0x00000205a7585fb0 flushing nmethod 0x00000205920d9590
Event: 38.585 Thread 0x00000205a7585fb0 flushing nmethod 0x00000205920e7290
Event: 38.585 Thread 0x00000205a7585fb0 flushing nmethod 0x0000020592162990
Event: 38.585 Thread 0x00000205a7585fb0 flushing nmethod 0x0000020592163610
Event: 38.585 Thread 0x00000205a7585fb0 flushing nmethod 0x000002059216cf10
Event: 38.585 Thread 0x00000205a7585fb0 flushing nmethod 0x000002059216e890
Event: 38.585 Thread 0x00000205a7585fb0 flushing nmethod 0x00000205921c9690
Event: 38.586 Thread 0x00000205a7585fb0 flushing nmethod 0x0000020592266310
Event: 38.586 Thread 0x00000205a7585fb0 flushing nmethod 0x00000205922b9e90
Event: 39.083 loading class java/util/IdentityHashMap$EntrySet
Event: 39.083 loading class java/util/IdentityHashMap$EntrySet done


Dynamic libraries:
0x00007ff6a0050000 - 0x00007ff6a005a000 	D:\AndroidStudio\jbr\bin\java.exe
0x00007ffcbf850000 - 0x00007ffcbfa67000 	C:\WINDOWS\SYSTEM32\ntdll.dll
0x00007ffcbed40000 - 0x00007ffcbee04000 	C:\WINDOWS\System32\KERNEL32.DLL
0x00007ffcbd020000 - 0x00007ffcbd3c6000 	C:\WINDOWS\System32\KERNELBASE.dll
0x00007ffcbce40000 - 0x00007ffcbcf51000 	C:\WINDOWS\System32\ucrtbase.dll
0x00007ffc63f10000 - 0x00007ffc63f27000 	D:\AndroidStudio\jbr\bin\jli.dll
0x00007ffcbeb90000 - 0x00007ffcbed3e000 	C:\WINDOWS\System32\USER32.dll
0x00007ffcbd570000 - 0x00007ffcbd596000 	C:\WINDOWS\System32\win32u.dll
0x00007ffcbf620000 - 0x00007ffcbf649000 	C:\WINDOWS\System32\GDI32.dll
0x00007ffcbd450000 - 0x00007ffcbd568000 	C:\WINDOWS\System32\gdi32full.dll
0x00007ffcbcc30000 - 0x00007ffcbccca000 	C:\WINDOWS\System32\msvcp_win.dll
0x00007ffc5e0a0000 - 0x00007ffc5e0bb000 	D:\AndroidStudio\jbr\bin\VCRUNTIME140.dll
0x00007ffca7540000 - 0x00007ffca77d3000 	C:\WINDOWS\WinSxS\amd64_microsoft.windows.common-controls_6595b64144ccf1df_6.0.22621.2506_none_270c5ae97388e100\COMCTL32.dll
0x00007ffcbd5d0000 - 0x00007ffcbd677000 	C:\WINDOWS\System32\msvcrt.dll
0x00007ffcbf5e0000 - 0x00007ffcbf611000 	C:\WINDOWS\System32\IMM32.DLL
0x00007ffcaea40000 - 0x00007ffcaea4c000 	D:\AndroidStudio\jbr\bin\vcruntime140_1.dll
0x00007ffc4c6e0000 - 0x00007ffc4c76d000 	D:\AndroidStudio\jbr\bin\msvcp140.dll
0x00007ffc4dd70000 - 0x00007ffc4e9dd000 	D:\AndroidStudio\jbr\bin\server\jvm.dll
0x00007ffcbd710000 - 0x00007ffcbd7c1000 	C:\WINDOWS\System32\ADVAPI32.dll
0x00007ffcbee10000 - 0x00007ffcbeeb5000 	C:\WINDOWS\System32\sechost.dll
0x00007ffcbe620000 - 0x00007ffcbe737000 	C:\WINDOWS\System32\RPCRT4.dll
0x00007ffcb7580000 - 0x00007ffcb7589000 	C:\WINDOWS\SYSTEM32\WSOCK32.dll
0x00007ffcbea90000 - 0x00007ffcbeb01000 	C:\WINDOWS\System32\WS2_32.dll
0x00007ffcb47d0000 - 0x00007ffcb4804000 	C:\WINDOWS\SYSTEM32\WINMM.dll
0x00007ffcb5ec0000 - 0x00007ffcb5eca000 	C:\WINDOWS\SYSTEM32\VERSION.dll
0x00007ffcbbb80000 - 0x00007ffcbbb98000 	C:\WINDOWS\SYSTEM32\kernel.appcore.dll
0x00007ffcab7d0000 - 0x00007ffcab7da000 	D:\AndroidStudio\jbr\bin\jimage.dll
0x00007ffca7d90000 - 0x00007ffca7fc3000 	C:\WINDOWS\SYSTEM32\DBGHELP.DLL
0x00007ffcbd7d0000 - 0x00007ffcbdb59000 	C:\WINDOWS\System32\combase.dll
0x00007ffcbe530000 - 0x00007ffcbe607000 	C:\WINDOWS\System32\OLEAUT32.dll
0x00007ffc7b4f0000 - 0x00007ffc7b522000 	C:\WINDOWS\SYSTEM32\dbgcore.DLL
0x00007ffcbd3d0000 - 0x00007ffcbd44a000 	C:\WINDOWS\System32\bcryptPrimitives.dll
0x00007ffc65a50000 - 0x00007ffc65a75000 	D:\AndroidStudio\jbr\bin\java.dll
0x00007ffc7b590000 - 0x00007ffc7b5a8000 	D:\AndroidStudio\jbr\bin\zip.dll
0x00007ffcbdcd0000 - 0x00007ffcbe52a000 	C:\WINDOWS\System32\SHELL32.dll
0x00007ffcbaa90000 - 0x00007ffcbb386000 	C:\WINDOWS\SYSTEM32\windows.storage.dll
0x00007ffcba950000 - 0x00007ffcbaa8e000 	C:\WINDOWS\SYSTEM32\wintypes.dll
0x00007ffcbe7d0000 - 0x00007ffcbe8c3000 	C:\WINDOWS\System32\SHCORE.dll
0x00007ffcbf650000 - 0x00007ffcbf6ae000 	C:\WINDOWS\System32\shlwapi.dll
0x00007ffcbcaf0000 - 0x00007ffcbcb16000 	C:\WINDOWS\SYSTEM32\profapi.dll
0x00007ffc64bf0000 - 0x00007ffc64c09000 	D:\AndroidStudio\jbr\bin\net.dll
0x00007ffcb5cb0000 - 0x00007ffcb5de7000 	C:\WINDOWS\SYSTEM32\WINHTTP.dll
0x00007ffcbc000000 - 0x00007ffcbc069000 	C:\WINDOWS\system32\mswsock.dll
0x00007ffc649e0000 - 0x00007ffc649f6000 	D:\AndroidStudio\jbr\bin\nio.dll
0x00007ffca73f0000 - 0x00007ffca7400000 	D:\AndroidStudio\jbr\bin\verify.dll
0x00007ffcb77b0000 - 0x00007ffcb77d7000 	C:\Users\LAR JEAN\.gradle\native\68d5fa5c4cc2d200863cafc0d521ce42e7d3e7ee720ec0a83991735586a16f82\windows-amd64\native-platform.dll
0x00007ffc4c390000 - 0x00007ffc4c4d4000 	C:\Users\LAR JEAN\.gradle\native\e376f236ea51e6404a007f0833ffe2c6e607c4080706a723a18a27aeea778392\windows-amd64\native-platform-file-events.dll
0x00007ffca7530000 - 0x00007ffca7539000 	D:\AndroidStudio\jbr\bin\management.dll
0x00007ffca7520000 - 0x00007ffca752b000 	D:\AndroidStudio\jbr\bin\management_ext.dll
0x00007ffcbdcb0000 - 0x00007ffcbdcb8000 	C:\WINDOWS\System32\PSAPI.DLL
0x00007ffcbc270000 - 0x00007ffcbc28b000 	C:\WINDOWS\SYSTEM32\CRYPTSP.dll
0x00007ffcbbae0000 - 0x00007ffcbbb15000 	C:\WINDOWS\system32\rsaenh.dll
0x00007ffcbc0e0000 - 0x00007ffcbc10c000 	C:\WINDOWS\SYSTEM32\USERENV.dll
0x00007ffcbc480000 - 0x00007ffcbc4a8000 	C:\WINDOWS\SYSTEM32\bcrypt.dll
0x00007ffcbc290000 - 0x00007ffcbc29c000 	C:\WINDOWS\SYSTEM32\CRYPTBASE.dll
0x00007ffcbb630000 - 0x00007ffcbb65d000 	C:\WINDOWS\SYSTEM32\IPHLPAPI.DLL
0x00007ffcbdcc0000 - 0x00007ffcbdcc9000 	C:\WINDOWS\System32\NSI.dll
0x00007ffcb5f80000 - 0x00007ffcb5f99000 	C:\WINDOWS\SYSTEM32\dhcpcsvc6.DLL
0x00007ffcb5f00000 - 0x00007ffcb5f1f000 	C:\WINDOWS\SYSTEM32\dhcpcsvc.DLL
0x00007ffcbb660000 - 0x00007ffcbb759000 	C:\WINDOWS\SYSTEM32\DNSAPI.dll
0x00007ffca7380000 - 0x00007ffca7388000 	C:\WINDOWS\system32\wshunix.dll
0x00007ffc67580000 - 0x00007ffc67597000 	C:\WINDOWS\system32\napinsp.dll
0x00007ffc66020000 - 0x00007ffc6603b000 	C:\WINDOWS\system32\pnrpnsp.dll
0x00007ffc65840000 - 0x00007ffc65851000 	C:\WINDOWS\System32\winrnr.dll
0x00007ffc9a7a0000 - 0x00007ffc9a7b5000 	C:\WINDOWS\system32\wshbth.dll
0x00007ffc65810000 - 0x00007ffc65831000 	C:\WINDOWS\system32\nlansp_c.dll
0x00007ffca3ce0000 - 0x00007ffca3cea000 	C:\Windows\System32\rasadhlp.dll
0x00007ffcb2830000 - 0x00007ffcb28b3000 	C:\WINDOWS\System32\fwpuclnt.dll
0x00007ffcbbba0000 - 0x00007ffcbbbd4000 	C:\WINDOWS\SYSTEM32\ntmarta.dll

dbghelp: loaded successfully - version: 4.0.5 - missing functions: none
symbol engine: initialized successfully - sym options: 0x614 - pdb path: .;D:\AndroidStudio\jbr\bin;C:\WINDOWS\SYSTEM32;C:\WINDOWS\WinSxS\amd64_microsoft.windows.common-controls_6595b64144ccf1df_6.0.22621.2506_none_270c5ae97388e100;D:\AndroidStudio\jbr\bin\server;C:\Users\LAR JEAN\.gradle\native\68d5fa5c4cc2d200863cafc0d521ce42e7d3e7ee720ec0a83991735586a16f82\windows-amd64;C:\Users\LAR JEAN\.gradle\native\e376f236ea51e6404a007f0833ffe2c6e607c4080706a723a18a27aeea778392\windows-amd64

VM Arguments:
jvm_args: --add-opens=java.base/java.util=ALL-UNNAMED --add-opens=java.base/java.lang=ALL-UNNAMED --add-opens=java.base/java.lang.invoke=ALL-UNNAMED --add-opens=java.prefs/java.util.prefs=ALL-UNNAMED --add-opens=java.base/java.nio.charset=ALL-UNNAMED --add-opens=java.base/java.net=ALL-UNNAMED --add-opens=java.base/java.util.concurrent.atomic=ALL-UNNAMED -Xmx2048m -Dfile.encoding=UTF-8 -Duser.country=PH -Duser.language=en -Duser.variant 
java_command: org.gradle.launcher.daemon.bootstrap.GradleDaemon 8.0
java_class_path (initial): C:\Users\LAR JEAN\.gradle\wrapper\dists\gradle-8.0-bin\ca5e32bp14vu59qr306oxotwh\gradle-8.0\lib\gradle-launcher-8.0.jar
Launcher Type: SUN_STANDARD

[Global flags]
     intx CICompilerCount                          = 3                                         {product} {ergonomic}
     uint ConcGCThreads                            = 1                                         {product} {ergonomic}
     uint G1ConcRefinementThreads                  = 4                                         {product} {ergonomic}
   size_t G1HeapRegionSize                         = 1048576                                   {product} {ergonomic}
    uintx GCDrainStackTargetSize                   = 64                                        {product} {ergonomic}
   size_t InitialHeapSize                          = 132120576                                 {product} {ergonomic}
   size_t MarkStackSize                            = 4194304                                   {product} {ergonomic}
   size_t MaxHeapSize                              = 2147483648                                {product} {command line}
   size_t MaxNewSize                               = 1287651328                                {product} {ergonomic}
   size_t MinHeapDeltaBytes                        = 1048576                                   {product} {ergonomic}
   size_t MinHeapSize                              = 8388608                                   {product} {ergonomic}
    uintx NonNMethodCodeHeapSize                   = 5832780                                {pd product} {ergonomic}
    uintx NonProfiledCodeHeapSize                  = 122912730                              {pd product} {ergonomic}
    uintx ProfiledCodeHeapSize                     = 122912730                              {pd product} {ergonomic}
    uintx ReservedCodeCacheSize                    = 251658240                              {pd product} {ergonomic}
     bool SegmentedCodeCache                       = true                                      {product} {ergonomic}
   size_t SoftMaxHeapSize                          = 2147483648                             {manageable} {ergonomic}
     bool UseCompressedClassPointers               = true                           {product lp64_product} {ergonomic}
     bool UseCompressedOops                        = true                           {product lp64_product} {ergonomic}
     bool UseG1GC                                  = true                                      {product} {ergonomic}
     bool UseLargePagesIndividualAllocation        = false                                  {pd product} {ergonomic}

Logging:
Log output configuration:
 #0: stdout all=warning uptime,level,tags
 #1: stderr all=off uptime,level,tags

Environment Variables:
JAVA_HOME=C:\Users\LAR JEAN\AppData\Local\Programs\Eclipse Adoptium\jdk-17.0.5.8-hotspot\
PATH=C:\Program Files\Common Files\Oracle\Java\javapath;C:\Program Files (x86)\Common Files\Oracle\Java\javapath;C:\Program Files (x86)\Common Files\Intel\Shared Libraries\redist\intel64\compiler;C:\Windows\System32\HWAudioDriverLibs;C:\Windows\system32;C:\Windows;C:\Windows\System32\Wbem;C:\Windows\System32\WindowsPowerShell\v1.0\;C:\Windows\System32\OpenSSH\;C:\Windows\system32\config\systemprofile\AppData\Local\Microsoft\WindowsApps;C:\WINDOWS\system32;C:\WINDOWS;C:\WINDOWS\System32\Wbem;C:\WINDOWS\System32\WindowsPowerShell\v1.0\;C:\WINDOWS\System32\OpenSSH\;C:\Program Files\Git\cmd;C:\xampp\php;C:\ProgramData\ComposerSetup\bin;C:\Users\LAR JEAN\AppData\Local\Programs\Eclipse Adoptium\jdk-17.0.5.8-hotspot\bin;C:\Users\LAR JEAN\AppData\Local\Programs\Python\Python311\Scripts\;C:\Users\LAR JEAN\AppData\Local\Programs\Python\Python311\;C:\Users\LAR JEAN\AppData\Local\Microsoft\WindowsApps;;D:\PyCharm Community Edition 2022.2.1\bin;;C:\Users\LAR JEAN\AppData\Local\Programs\Microsoft VS Code\bin;C:\Users\LAR JEAN\AppData\Roaming\Composer\vendor\bin
USERNAME=LAR JEAN
OS=Windows_NT
PROCESSOR_IDENTIFIER=Intel64 Family 6 Model 142 Stepping 12, GenuineIntel
TMP=C:\Users\LARJEA~1\AppData\Local\Temp
TEMP=C:\Users\LARJEA~1\AppData\Local\Temp



---------------  S Y S T E M  ---------------

OS:
 Windows 11 , 64 bit Build 22621 (10.0.22621.2506)
OS uptime: 40 days 12:53 hours
Hyper-V role detected

CPU: total 4 (initial active 4) (2 cores per cpu, 2 threads per core) family 6 model 142 stepping 12 microcode 0xde, cx8, cmov, fxsr, ht, mmx, 3dnowpref, sse, sse2, sse3, ssse3, sse4.1, sse4.2, popcnt, lzcnt, tsc, tscinvbit, avx, avx2, aes, erms, clmul, bmi1, bmi2, adx, fma, vzeroupper, clflush, clflushopt, hv

Memory: 4k page, system-wide physical 8025M (177M free)
TotalPageFile size 12121M (AvailPageFile size 133M)
current process WorkingSet (physical memory assigned to process): 595M, peak: 598M
current process commit charge ("private bytes"): 644M, peak: 1044M

vm_info: OpenJDK 64-Bit Server VM (17.0.6+0-b2043.56-9586694) for windows-amd64 JRE (17.0.6+0-b2043.56-9586694), built on Feb  9 2023 20:06:20 by "androidbuild" with MS VC++ 16.10 / 16.11 (VS2019)

END.
